{"/home/travis/build/npmtest/node-npmtest-tape/test.js":{"path":"/home/travis/build/npmtest/node-npmtest-tape/test.js","s":{"1":2,"2":2,"3":2,"4":2,"5":2,"6":2,"7":2,"8":1,"9":2,"10":2,"11":1,"12":1,"13":1,"14":1,"15":2,"16":2,"17":2,"18":2,"19":1,"20":1,"21":2,"22":2,"23":2,"24":1,"25":1,"26":1,"27":1,"28":1,"29":1,"30":1,"31":1,"32":1,"33":1,"34":1,"35":1,"36":1,"37":1,"38":1,"39":2,"40":2,"41":1,"42":2,"43":2,"44":1,"45":2,"46":2,"47":1,"48":2,"49":2,"50":1,"51":1,"52":1,"53":1,"54":1},"b":{"1":[2,1,1,1],"2":[1,1,1,1],"3":[1,1],"4":[1,1],"5":[1,1],"6":[1,1],"7":[1,1],"8":[1,1],"9":[1,1],"10":[1,1,1],"11":[1,1],"12":[1,1],"13":[1,1],"14":[1,1],"15":[1,1],"16":[1,1],"17":[1,1]},"f":{"1":2,"2":2,"3":2,"4":2,"5":2,"6":1,"7":1,"8":1,"9":2,"10":2,"11":2,"12":2,"13":1},"fnMap":{"1":{"name":"(anonymous_1)","line":12,"loc":{"start":{"line":12,"column":1},"end":{"line":12,"column":13}}},"2":{"name":"(anonymous_2)","line":19,"loc":{"start":{"line":19,"column":5},"end":{"line":19,"column":17}}},"3":{"name":"(anonymous_3)","line":23,"loc":{"start":{"line":23,"column":24},"end":{"line":23,"column":36}}},"4":{"name":"(anonymous_4)","line":61,"loc":{"start":{"line":61,"column":5},"end":{"line":61,"column":17}}},"5":{"name":"(anonymous_5)","line":82,"loc":{"start":{"line":82,"column":5},"end":{"line":82,"column":17}}},"6":{"name":"(anonymous_6)","line":91,"loc":{"start":{"line":91,"column":77},"end":{"line":94,"column":10}}},"7":{"name":"(anonymous_7)","line":112,"loc":{"start":{"line":112,"column":83},"end":{"line":115,"column":10}},"skip":true},"8":{"name":"(anonymous_8)","line":123,"loc":{"start":{"line":123,"column":77},"end":{"line":126,"column":10}},"skip":true},"9":{"name":"(anonymous_9)","line":139,"loc":{"start":{"line":139,"column":12},"end":{"line":139,"column":40}},"skip":true},"10":{"name":"(anonymous_10)","line":147,"loc":{"start":{"line":147,"column":77},"end":{"line":150,"column":10}},"skip":true},"11":{"name":"(anonymous_11)","line":158,"loc":{"start":{"line":158,"column":83},"end":{"line":161,"column":10}},"skip":true},"12":{"name":"(anonymous_12)","line":169,"loc":{"start":{"line":169,"column":79},"end":{"line":172,"column":10}},"skip":true},"13":{"name":"(anonymous_13)","line":180,"loc":{"start":{"line":180,"column":75},"end":{"line":183,"column":10}},"skip":true}},"statementMap":{"1":{"start":{"line":12,"column":0},"end":{"line":195,"column":5}},"2":{"start":{"line":14,"column":4},"end":{"line":14,"column":14}},"3":{"start":{"line":19,"column":4},"end":{"line":56,"column":9}},"4":{"start":{"line":21,"column":8},"end":{"line":21,"column":19}},"5":{"start":{"line":23,"column":8},"end":{"line":35,"column":13}},"6":{"start":{"line":24,"column":12},"end":{"line":34,"column":13}},"7":{"start":{"line":25,"column":16},"end":{"line":28,"column":30}},"8":{"start":{"line":30,"column":16},"end":{"line":33,"column":27}},"9":{"start":{"line":37,"column":8},"end":{"line":39,"column":21}},"10":{"start":{"line":40,"column":8},"end":{"line":53,"column":9}},"11":{"start":{"line":43,"column":12},"end":{"line":46,"column":14}},"12":{"start":{"line":47,"column":12},"end":{"line":47,"column":18}},"13":{"start":{"line":50,"column":12},"end":{"line":51,"column":46}},"14":{"start":{"line":52,"column":12},"end":{"line":52,"column":18}},"15":{"start":{"line":55,"column":8},"end":{"line":55,"column":35}},"16":{"start":{"line":61,"column":4},"end":{"line":63,"column":9}},"17":{"start":{"line":62,"column":8},"end":{"line":62,"column":15}},"18":{"start":{"line":64,"column":4},"end":{"line":77,"column":5}},"19":{"start":{"line":70,"column":8},"end":{"line":70,"column":14}},"20":{"start":{"line":76,"column":8},"end":{"line":76,"column":14}},"21":{"start":{"line":82,"column":4},"end":{"line":84,"column":9}},"22":{"start":{"line":83,"column":8},"end":{"line":83,"column":15}},"23":{"start":{"line":85,"column":4},"end":{"line":194,"column":5}},"24":{"start":{"line":91,"column":8},"end":{"line":99,"column":10}},"25":{"start":{"line":98,"column":12},"end":{"line":98,"column":35}},"26":{"start":{"line":102,"column":8},"end":{"line":104,"column":63}},"27":{"start":{"line":105,"column":8},"end":{"line":105,"column":14}},"28":{"start":{"line":112,"column":8},"end":{"line":121,"column":10},"skip":true},"29":{"start":{"line":119,"column":12},"end":{"line":119,"column":55},"skip":true},"30":{"start":{"line":120,"column":12},"end":{"line":120,"column":48},"skip":true},"31":{"start":{"line":123,"column":8},"end":{"line":136,"column":10},"skip":true},"32":{"start":{"line":130,"column":12},"end":{"line":130,"column":76},"skip":true},"33":{"start":{"line":131,"column":12},"end":{"line":131,"column":73},"skip":true},"34":{"start":{"line":132,"column":12},"end":{"line":132,"column":74},"skip":true},"35":{"start":{"line":133,"column":12},"end":{"line":133,"column":79},"skip":true},"36":{"start":{"line":134,"column":12},"end":{"line":134,"column":25},"skip":true},"37":{"start":{"line":135,"column":12},"end":{"line":135,"column":45},"skip":true},"38":{"start":{"line":138,"column":8},"end":{"line":145,"column":14},"skip":true},"39":{"start":{"line":143,"column":16},"end":{"line":143,"column":29},"skip":true},"40":{"start":{"line":144,"column":16},"end":{"line":144,"column":55},"skip":true},"41":{"start":{"line":147,"column":8},"end":{"line":156,"column":10},"skip":true},"42":{"start":{"line":154,"column":12},"end":{"line":154,"column":25},"skip":true},"43":{"start":{"line":155,"column":12},"end":{"line":155,"column":45},"skip":true},"44":{"start":{"line":158,"column":8},"end":{"line":167,"column":10},"skip":true},"45":{"start":{"line":165,"column":12},"end":{"line":165,"column":25},"skip":true},"46":{"start":{"line":166,"column":12},"end":{"line":166,"column":48},"skip":true},"47":{"start":{"line":169,"column":8},"end":{"line":178,"column":10},"skip":true},"48":{"start":{"line":176,"column":12},"end":{"line":176,"column":25},"skip":true},"49":{"start":{"line":177,"column":12},"end":{"line":177,"column":46},"skip":true},"50":{"start":{"line":180,"column":8},"end":{"line":189,"column":10},"skip":true},"51":{"start":{"line":187,"column":12},"end":{"line":187,"column":94},"skip":true},"52":{"start":{"line":188,"column":12},"end":{"line":188,"column":48},"skip":true},"53":{"start":{"line":192,"column":8},"end":{"line":192,"column":35},"skip":true},"54":{"start":{"line":193,"column":8},"end":{"line":193,"column":14},"skip":true}},"branchMap":{"1":{"line":25,"type":"binary-expr","locations":[{"start":{"line":25,"column":23},"end":{"line":25,"column":62}},{"start":{"line":26,"column":20},"end":{"line":26,"column":70}},{"start":{"line":27,"column":20},"end":{"line":27,"column":71}},{"start":{"line":28,"column":20},"end":{"line":28,"column":29}}]},"2":{"line":30,"type":"binary-expr","locations":[{"start":{"line":30,"column":23},"end":{"line":30,"column":37}},{"start":{"line":31,"column":20},"end":{"line":31,"column":61}},{"start":{"line":32,"column":20},"end":{"line":32,"column":70}},{"start":{"line":33,"column":20},"end":{"line":33,"column":26}}]},"3":{"line":37,"type":"cond-expr","locations":[{"start":{"line":38,"column":14},"end":{"line":38,"column":20}},{"start":{"line":39,"column":14},"end":{"line":39,"column":20}}]},"4":{"line":40,"type":"switch","locations":[{"start":{"line":42,"column":8},"end":{"line":47,"column":18}},{"start":{"line":49,"column":8},"end":{"line":52,"column":18}}]},"5":{"line":44,"type":"binary-expr","locations":[{"start":{"line":44,"column":16},"end":{"line":44,"column":44}},{"start":{"line":44,"column":48},"end":{"line":44,"column":66}}]},"6":{"line":50,"type":"binary-expr","locations":[{"start":{"line":50,"column":21},"end":{"line":50,"column":49}},{"start":{"line":50,"column":53},"end":{"line":50,"column":72}}]},"7":{"line":64,"type":"switch","locations":[{"start":{"line":69,"column":4},"end":{"line":70,"column":14}},{"start":{"line":75,"column":4},"end":{"line":76,"column":14}}]},"8":{"line":85,"type":"switch","locations":[{"start":{"line":90,"column":4},"end":{"line":105,"column":14}},{"start":{"line":111,"column":4},"end":{"line":193,"column":14},"skip":true}]},"9":{"line":91,"type":"binary-expr","locations":[{"start":{"line":91,"column":42},"end":{"line":91,"column":73}},{"start":{"line":91,"column":77},"end":{"line":99,"column":9}}]},"10":{"line":102,"type":"binary-expr","locations":[{"start":{"line":102,"column":18},"end":{"line":102,"column":32}},{"start":{"line":103,"column":12},"end":{"line":103,"column":53}},{"start":{"line":104,"column":12},"end":{"line":104,"column":61}}]},"11":{"line":112,"type":"binary-expr","locations":[{"start":{"line":112,"column":45},"end":{"line":112,"column":79},"skip":true},{"start":{"line":112,"column":83},"end":{"line":121,"column":9},"skip":true}]},"12":{"line":123,"type":"binary-expr","locations":[{"start":{"line":123,"column":42},"end":{"line":123,"column":73},"skip":true},{"start":{"line":123,"column":77},"end":{"line":136,"column":9},"skip":true}]},"13":{"line":138,"type":"binary-expr","locations":[{"start":{"line":138,"column":48},"end":{"line":138,"column":85},"skip":true},{"start":{"line":139,"column":12},"end":{"line":145,"column":13},"skip":true}]},"14":{"line":147,"type":"binary-expr","locations":[{"start":{"line":147,"column":42},"end":{"line":147,"column":73},"skip":true},{"start":{"line":147,"column":77},"end":{"line":156,"column":9},"skip":true}]},"15":{"line":158,"type":"binary-expr","locations":[{"start":{"line":158,"column":45},"end":{"line":158,"column":79},"skip":true},{"start":{"line":158,"column":83},"end":{"line":167,"column":9},"skip":true}]},"16":{"line":169,"type":"binary-expr","locations":[{"start":{"line":169,"column":43},"end":{"line":169,"column":75},"skip":true},{"start":{"line":169,"column":79},"end":{"line":178,"column":9},"skip":true}]},"17":{"line":180,"type":"binary-expr","locations":[{"start":{"line":180,"column":41},"end":{"line":180,"column":71},"skip":true},{"start":{"line":180,"column":75},"end":{"line":189,"column":9},"skip":true}]}},"code":["/* istanbul instrument in package npmtest_tape */","/*jslint","    bitwise: true,","    browser: true,","    maxerr: 8,","    maxlen: 96,","    node: true,","    nomen: true,","    regexp: true,","    stupid: true","*/","(function () {","    'use strict';","    var local;","","","","    // run shared js-env code - pre-init","    (function () {","        // init local","        local = {};","        // init modeJs","        local.modeJs = (function () {","            try {","                return typeof navigator.userAgent === 'string' &&","                    typeof document.querySelector('body') === 'object' &&","                    typeof XMLHttpRequest.prototype.open === 'function' &&","                    'browser';","            } catch (errorCaughtBrowser) {","                return module.exports &&","                    typeof process.versions.node === 'string' &&","                    typeof require('http').createServer === 'function' &&","                    'node';","            }","        }());","        // init global","        local.global = local.modeJs === 'browser'","            ? window","            : global;","        switch (local.modeJs) {","        // re-init local from window.local","        case 'browser':","            local = local.global.utility2.objectSetDefault(","                local.global.utility2_rollup || local.global.local,","                local.global.utility2","            );","            break;","        // re-init local from example.js","        case 'node':","            local = (local.global.utility2_rollup || require('utility2'))","                .requireExampleJsFromReadme();","            break;","        }","        // export local","        local.global.local = local;","    }());","","","","    // run shared js-env code - function","    (function () {","        return;","    }());","    switch (local.modeJs) {","","","","    // run browser js-env code - function","    case 'browser':","        break;","","","","    // run node js-env code - function","    case 'node':","        break;","    }","","","","    // run shared js-env code - post-init","    (function () {","        return;","    }());","    switch (local.modeJs) {","","","","    // run browser js-env code - post-init","    case 'browser':","        local.testCase_browser_nullCase = local.testCase_browser_nullCase || function (","            options,","            onError","        ) {","        /*","         * this function will test browsers's null-case handling-behavior-behavior","         */","            onError(null, options);","        };","","        // run tests","        local.nop(local.modeTest &&","            document.querySelector('#testRunButton1') &&","            document.querySelector('#testRunButton1').click());","        break;","","","","    // run node js-env code - post-init","    /* istanbul ignore next */","    case 'node':","        local.testCase_buildApidoc_default = local.testCase_buildApidoc_default || function (","            options,","            onError","        ) {","        /*","         * this function will test buildApidoc's default handling-behavior-behavior","         */","            options = { modulePathList: module.paths };","            local.buildApidoc(options, onError);","        };","","        local.testCase_buildApp_default = local.testCase_buildApp_default || function (","            options,","            onError","        ) {","        /*","         * this function will test buildApp's default handling-behavior-behavior","         */","            local.testCase_buildReadme_default(options, local.onErrorThrow);","            local.testCase_buildLib_default(options, local.onErrorThrow);","            local.testCase_buildTest_default(options, local.onErrorThrow);","            local.testCase_buildCustomOrg_default(options, local.onErrorThrow);","            options = [];","            local.buildApp(options, onError);","        };","","        local.testCase_buildCustomOrg_default = local.testCase_buildCustomOrg_default ||","            function (options, onError) {","            /*","             * this function will test buildCustomOrg's default handling-behavior","             */","                options = {};","                local.buildCustomOrg(options, onError);","            };","","        local.testCase_buildLib_default = local.testCase_buildLib_default || function (","            options,","            onError","        ) {","        /*","         * this function will test buildLib's default handling-behavior","         */","            options = {};","            local.buildLib(options, onError);","        };","","        local.testCase_buildReadme_default = local.testCase_buildReadme_default || function (","            options,","            onError","        ) {","        /*","         * this function will test buildReadme's default handling-behavior-behavior","         */","            options = {};","            local.buildReadme(options, onError);","        };","","        local.testCase_buildTest_default = local.testCase_buildTest_default || function (","            options,","            onError","        ) {","        /*","         * this function will test buildTest's default handling-behavior","         */","            options = {};","            local.buildTest(options, onError);","        };","","        local.testCase_webpage_default = local.testCase_webpage_default || function (","            options,","            onError","        ) {","        /*","         * this function will test webpage's default handling-behavior","         */","            options = { modeCoverageMerge: true, url: local.serverLocalHost + '?modeTest=1' };","            local.browserTest(options, onError);","        };","","        // run test-server","        local.testRunServer(local);","        break;","    }","}());",""],"l":{"12":2,"14":2,"19":2,"21":2,"23":2,"24":2,"25":2,"30":1,"37":2,"40":2,"43":1,"47":1,"50":1,"52":1,"55":2,"61":2,"62":2,"64":2,"70":1,"76":1,"82":2,"83":2,"85":2,"91":1,"98":1,"102":1,"105":1,"112":1,"119":1,"120":1,"123":1,"130":1,"131":1,"132":1,"133":1,"134":1,"135":1,"138":1,"143":2,"144":2,"147":1,"154":2,"155":2,"158":1,"165":2,"166":2,"169":1,"176":2,"177":2,"180":1,"187":1,"188":1,"192":1,"193":1}},"/home/travis/build/npmtest/node-npmtest-tape/lib.npmtest_tape.js":{"path":"/home/travis/build/npmtest/node-npmtest-tape/lib.npmtest_tape.js","s":{"1":2,"2":2,"3":2,"4":2,"5":2,"6":2,"7":2,"8":1,"9":2,"10":2,"11":2,"12":2,"13":1,"14":1,"15":1,"16":1},"b":{"1":[2,1,1,1],"2":[1,1,1,1],"3":[1,1],"4":[2,2],"5":[1,1]},"f":{"1":2,"2":2,"3":2},"fnMap":{"1":{"name":"(anonymous_1)","line":12,"loc":{"start":{"line":12,"column":1},"end":{"line":12,"column":13}}},"2":{"name":"(anonymous_2)","line":19,"loc":{"start":{"line":19,"column":5},"end":{"line":19,"column":17}}},"3":{"name":"(anonymous_3)","line":23,"loc":{"start":{"line":23,"column":24},"end":{"line":23,"column":36}}}},"statementMap":{"1":{"start":{"line":12,"column":0},"end":{"line":53,"column":5}},"2":{"start":{"line":14,"column":4},"end":{"line":14,"column":14}},"3":{"start":{"line":19,"column":4},"end":{"line":52,"column":9}},"4":{"start":{"line":21,"column":8},"end":{"line":21,"column":19}},"5":{"start":{"line":23,"column":8},"end":{"line":35,"column":13}},"6":{"start":{"line":24,"column":12},"end":{"line":34,"column":13}},"7":{"start":{"line":25,"column":16},"end":{"line":28,"column":30}},"8":{"start":{"line":30,"column":16},"end":{"line":33,"column":27}},"9":{"start":{"line":37,"column":8},"end":{"line":39,"column":21}},"10":{"start":{"line":41,"column":8},"end":{"line":41,"column":54}},"11":{"start":{"line":43,"column":8},"end":{"line":43,"column":49}},"12":{"start":{"line":45,"column":8},"end":{"line":51,"column":9}},"13":{"start":{"line":46,"column":12},"end":{"line":46,"column":55}},"14":{"start":{"line":48,"column":12},"end":{"line":48,"column":35}},"15":{"start":{"line":49,"column":12},"end":{"line":49,"column":49}},"16":{"start":{"line":50,"column":12},"end":{"line":50,"column":43}}},"branchMap":{"1":{"line":25,"type":"binary-expr","locations":[{"start":{"line":25,"column":23},"end":{"line":25,"column":62}},{"start":{"line":26,"column":20},"end":{"line":26,"column":70}},{"start":{"line":27,"column":20},"end":{"line":27,"column":71}},{"start":{"line":28,"column":20},"end":{"line":28,"column":29}}]},"2":{"line":30,"type":"binary-expr","locations":[{"start":{"line":30,"column":23},"end":{"line":30,"column":37}},{"start":{"line":31,"column":20},"end":{"line":31,"column":61}},{"start":{"line":32,"column":20},"end":{"line":32,"column":70}},{"start":{"line":33,"column":20},"end":{"line":33,"column":26}}]},"3":{"line":37,"type":"cond-expr","locations":[{"start":{"line":38,"column":14},"end":{"line":38,"column":20}},{"start":{"line":39,"column":14},"end":{"line":39,"column":20}}]},"4":{"line":41,"type":"binary-expr","locations":[{"start":{"line":41,"column":16},"end":{"line":41,"column":44}},{"start":{"line":41,"column":48},"end":{"line":41,"column":53}}]},"5":{"line":45,"type":"if","locations":[{"start":{"line":45,"column":8},"end":{"line":45,"column":8}},{"start":{"line":45,"column":8},"end":{"line":45,"column":8}}]}},"code":["/* istanbul instrument in package npmtest_tape */","/*jslint","    bitwise: true,","    browser: true,","    maxerr: 8,","    maxlen: 96,","    node: true,","    nomen: true,","    regexp: true,","    stupid: true","*/","(function () {","    'use strict';","    var local;","","","","    // run shared js-env code - pre-init","    (function () {","        // init local","        local = {};","        // init modeJs","        local.modeJs = (function () {","            try {","                return typeof navigator.userAgent === 'string' &&","                    typeof document.querySelector('body') === 'object' &&","                    typeof XMLHttpRequest.prototype.open === 'function' &&","                    'browser';","            } catch (errorCaughtBrowser) {","                return module.exports &&","                    typeof process.versions.node === 'string' &&","                    typeof require('http').createServer === 'function' &&","                    'node';","            }","        }());","        // init global","        local.global = local.modeJs === 'browser'","            ? window","            : global;","        // init utility2_rollup","        local = local.global.utility2_rollup || local;","        // init lib","        local.local = local.npmtest_tape = local;","        // init exports","        if (local.modeJs === 'browser') {","            local.global.utility2_npmtest_tape = local;","        } else {","            module.exports = local;","            module.exports.__dirname = __dirname;","            module.exports.module = module;","        }","    }());","}());",""],"l":{"12":2,"14":2,"19":2,"21":2,"23":2,"24":2,"25":2,"30":1,"37":2,"41":2,"43":2,"45":2,"46":1,"48":1,"49":1,"50":1}},"/home/travis/build/npmtest/node-npmtest-tape/example.js":{"path":"/home/travis/build/npmtest/node-npmtest-tape/example.js","s":{"1":2,"2":2,"3":2,"4":2,"5":2,"6":2,"7":2,"8":1,"9":2,"10":2,"11":2,"12":2,"13":1,"14":2,"15":2,"16":2,"17":2,"18":2,"19":0,"20":2,"21":1,"22":1,"23":1,"24":1,"25":1,"26":0,"27":0,"28":1,"29":1,"30":2,"31":0,"32":0,"33":0,"34":1,"35":2,"36":2,"37":3,"38":3,"39":3,"40":3,"41":0,"42":3,"43":3,"44":3,"45":1,"46":3,"47":1,"48":1,"49":1,"50":1,"51":1,"52":1,"53":1,"54":1,"55":1,"56":1,"57":0,"58":1,"59":6,"60":6,"61":1,"62":2,"63":0,"64":2,"65":1,"66":1,"67":0,"68":0,"69":0,"70":0,"71":0,"72":0,"73":0,"74":0,"75":0,"76":0,"77":0,"78":0,"79":0,"80":0,"81":0,"82":0,"83":0},"b":{"1":[2,1,1,1],"2":[1,1,1,1],"3":[1,1],"4":[2,2],"5":[1,1],"6":[1,1],"7":[2,0],"8":[2,1,1,1,1,1],"9":[0,2,0],"10":[1,1],"11":[2,1,1],"12":[1,0],"13":[0,2],"14":[2,0,0,0,0,0,0],"15":[0,3],"16":[3,0],"17":[1,1],"18":[0,1],"19":[1,2,0,2],"20":[1,0],"21":[1,1],"22":[0,0],"23":[0,0],"24":[0,0],"25":[0,0],"26":[0,0],"27":[0,0],"28":[0,0]},"f":{"1":2,"2":2,"3":2,"4":2,"5":2,"6":2,"7":3,"8":3,"9":3,"10":1,"11":6,"12":0},"fnMap":{"1":{"name":"(anonymous_1)","line":26,"loc":{"start":{"line":26,"column":1},"end":{"line":26,"column":13}}},"2":{"name":"(anonymous_2)","line":33,"loc":{"start":{"line":33,"column":5},"end":{"line":33,"column":17}}},"3":{"name":"(anonymous_3)","line":37,"loc":{"start":{"line":37,"column":24},"end":{"line":37,"column":36}}},"4":{"name":"(anonymous_4)","line":69,"loc":{"start":{"line":69,"column":31},"end":{"line":69,"column":48}},"skip":true},"5":{"name":"(anonymous_5)","line":78,"loc":{"start":{"line":78,"column":26},"end":{"line":78,"column":45}},"skip":true},"6":{"name":"(anonymous_6)","line":123,"loc":{"start":{"line":123,"column":33},"end":{"line":123,"column":48}},"skip":true},"7":{"name":"(anonymous_7)","line":125,"loc":{"start":{"line":125,"column":27},"end":{"line":125,"column":39}},"skip":true},"8":{"name":"(anonymous_8)","line":133,"loc":{"start":{"line":133,"column":59},"end":{"line":133,"column":74}},"skip":true},"9":{"name":"(anonymous_9)","line":143,"loc":{"start":{"line":143,"column":45},"end":{"line":143,"column":62}},"skip":true},"10":{"name":"(anonymous_10)","line":144,"loc":{"start":{"line":144,"column":73},"end":{"line":144,"column":92}},"skip":true},"11":{"name":"(anonymous_11)","line":272,"loc":{"start":{"line":272,"column":51},"end":{"line":272,"column":77}},"skip":true},"12":{"name":"(anonymous_12)","line":315,"loc":{"start":{"line":315,"column":32},"end":{"line":315,"column":61}},"skip":true}},"statementMap":{"1":{"start":{"line":26,"column":0},"end":{"line":326,"column":5}},"2":{"start":{"line":28,"column":4},"end":{"line":28,"column":14}},"3":{"start":{"line":33,"column":4},"end":{"line":60,"column":9}},"4":{"start":{"line":35,"column":8},"end":{"line":35,"column":19}},"5":{"start":{"line":37,"column":8},"end":{"line":49,"column":13}},"6":{"start":{"line":38,"column":12},"end":{"line":48,"column":13}},"7":{"start":{"line":39,"column":16},"end":{"line":42,"column":30}},"8":{"start":{"line":44,"column":16},"end":{"line":47,"column":27}},"9":{"start":{"line":51,"column":8},"end":{"line":53,"column":21}},"10":{"start":{"line":55,"column":8},"end":{"line":57,"column":45}},"11":{"start":{"line":59,"column":8},"end":{"line":59,"column":35}},"12":{"start":{"line":61,"column":4},"end":{"line":325,"column":5}},"13":{"start":{"line":69,"column":8},"end":{"line":121,"column":10},"skip":true},"14":{"start":{"line":70,"column":12},"end":{"line":88,"column":13},"skip":true},"15":{"start":{"line":76,"column":16},"end":{"line":87,"column":19},"skip":true},"16":{"start":{"line":79,"column":20},"end":{"line":86,"column":21},"skip":true},"17":{"start":{"line":82,"column":24},"end":{"line":82,"column":43},"skip":true},"18":{"start":{"line":83,"column":24},"end":{"line":83,"column":30},"skip":true},"19":{"start":{"line":85,"column":24},"end":{"line":85,"column":49},"skip":true},"20":{"start":{"line":89,"column":12},"end":{"line":107,"column":13},"skip":true},"21":{"start":{"line":92,"column":16},"end":{"line":102,"column":17},"skip":true},"22":{"start":{"line":93,"column":20},"end":{"line":93,"column":86},"skip":true},"23":{"start":{"line":94,"column":20},"end":{"line":95,"column":45},"skip":true},"24":{"start":{"line":96,"column":20},"end":{"line":96,"column":42},"skip":true},"25":{"start":{"line":97,"column":20},"end":{"line":97,"column":48},"skip":true},"26":{"start":{"line":100,"column":20},"end":{"line":100,"column":85},"skip":true},"27":{"start":{"line":101,"column":20},"end":{"line":101,"column":96},"skip":true},"28":{"start":{"line":103,"column":16},"end":{"line":103,"column":22},"skip":true},"29":{"start":{"line":106,"column":16},"end":{"line":106,"column":22},"skip":true},"30":{"start":{"line":108,"column":12},"end":{"line":120,"column":13},"skip":true},"31":{"start":{"line":114,"column":16},"end":{"line":119,"column":17},"skip":true},"32":{"start":{"line":116,"column":20},"end":{"line":116,"column":78},"skip":true},"33":{"start":{"line":118,"column":20},"end":{"line":118,"column":47},"skip":true},"34":{"start":{"line":123,"column":8},"end":{"line":141,"column":11},"skip":true},"35":{"start":{"line":124,"column":12},"end":{"line":124,"column":54},"skip":true},"36":{"start":{"line":125,"column":12},"end":{"line":140,"column":14},"skip":true},"37":{"start":{"line":126,"column":16},"end":{"line":126,"column":28},"skip":true},"38":{"start":{"line":127,"column":16},"end":{"line":127,"column":69},"skip":true},"39":{"start":{"line":128,"column":16},"end":{"line":128,"column":75},"skip":true},"40":{"start":{"line":129,"column":16},"end":{"line":131,"column":17},"skip":true},"41":{"start":{"line":130,"column":20},"end":{"line":130,"column":27},"skip":true},"42":{"start":{"line":133,"column":16},"end":{"line":137,"column":36},"skip":true},"43":{"start":{"line":134,"column":20},"end":{"line":136,"column":55},"skip":true},"44":{"start":{"line":139,"column":16},"end":{"line":139,"column":57},"skip":true},"45":{"start":{"line":143,"column":8},"end":{"line":147,"column":11},"skip":true},"46":{"start":{"line":144,"column":12},"end":{"line":146,"column":15},"skip":true},"47":{"start":{"line":145,"column":16},"end":{"line":145,"column":70},"skip":true},"48":{"start":{"line":149,"column":8},"end":{"line":149,"column":31},"skip":true},"49":{"start":{"line":150,"column":8},"end":{"line":150,"column":14},"skip":true},"50":{"start":{"line":158,"column":8},"end":{"line":158,"column":31},"skip":true},"51":{"start":{"line":160,"column":8},"end":{"line":160,"column":33},"skip":true},"52":{"start":{"line":161,"column":8},"end":{"line":161,"column":37},"skip":true},"53":{"start":{"line":162,"column":8},"end":{"line":162,"column":35},"skip":true},"54":{"start":{"line":164,"column":8},"end":{"line":164,"column":50},"skip":true},"55":{"start":{"line":166,"column":8},"end":{"line":256,"column":2},"skip":true},"56":{"start":{"line":258,"column":8},"end":{"line":286,"column":9},"skip":true},"57":{"start":{"line":259,"column":12},"end":{"line":269,"column":14},"skip":true},"58":{"start":{"line":271,"column":12},"end":{"line":285,"column":19},"skip":true},"59":{"start":{"line":274,"column":20},"end":{"line":274,"column":35},"skip":true},"60":{"start":{"line":275,"column":20},"end":{"line":284,"column":21},"skip":true},"61":{"start":{"line":277,"column":24},"end":{"line":277,"column":64},"skip":true},"62":{"start":{"line":279,"column":24},"end":{"line":279,"column":40},"skip":true},"63":{"start":{"line":281,"column":24},"end":{"line":281,"column":40},"skip":true},"64":{"start":{"line":283,"column":24},"end":{"line":283,"column":39},"skip":true},"65":{"start":{"line":288,"column":8},"end":{"line":290,"column":9},"skip":true},"66":{"start":{"line":289,"column":12},"end":{"line":289,"column":18},"skip":true},"67":{"start":{"line":291,"column":8},"end":{"line":293,"column":54},"skip":true},"68":{"start":{"line":296,"column":8},"end":{"line":301,"column":37},"skip":true},"69":{"start":{"line":303,"column":8},"end":{"line":303,"column":82},"skip":true},"70":{"start":{"line":306,"column":8},"end":{"line":308,"column":9},"skip":true},"71":{"start":{"line":307,"column":12},"end":{"line":307,"column":82},"skip":true},"72":{"start":{"line":310,"column":8},"end":{"line":312,"column":9},"skip":true},"73":{"start":{"line":311,"column":12},"end":{"line":311,"column":18},"skip":true},"74":{"start":{"line":313,"column":8},"end":{"line":313,"column":54},"skip":true},"75":{"start":{"line":314,"column":8},"end":{"line":314,"column":69},"skip":true},"76":{"start":{"line":315,"column":8},"end":{"line":323,"column":36},"skip":true},"77":{"start":{"line":316,"column":12},"end":{"line":316,"column":61},"skip":true},"78":{"start":{"line":317,"column":12},"end":{"line":320,"column":13},"skip":true},"79":{"start":{"line":318,"column":16},"end":{"line":318,"column":75},"skip":true},"80":{"start":{"line":319,"column":16},"end":{"line":319,"column":23},"skip":true},"81":{"start":{"line":321,"column":12},"end":{"line":321,"column":38},"skip":true},"82":{"start":{"line":322,"column":12},"end":{"line":322,"column":27},"skip":true},"83":{"start":{"line":324,"column":8},"end":{"line":324,"column":14},"skip":true}},"branchMap":{"1":{"line":39,"type":"binary-expr","locations":[{"start":{"line":39,"column":23},"end":{"line":39,"column":62}},{"start":{"line":40,"column":20},"end":{"line":40,"column":70}},{"start":{"line":41,"column":20},"end":{"line":41,"column":71}},{"start":{"line":42,"column":20},"end":{"line":42,"column":29}}]},"2":{"line":44,"type":"binary-expr","locations":[{"start":{"line":44,"column":23},"end":{"line":44,"column":37}},{"start":{"line":45,"column":20},"end":{"line":45,"column":61}},{"start":{"line":46,"column":20},"end":{"line":46,"column":70}},{"start":{"line":47,"column":20},"end":{"line":47,"column":26}}]},"3":{"line":51,"type":"cond-expr","locations":[{"start":{"line":52,"column":14},"end":{"line":52,"column":20}},{"start":{"line":53,"column":14},"end":{"line":53,"column":20}}]},"4":{"line":55,"type":"binary-expr","locations":[{"start":{"line":55,"column":16},"end":{"line":55,"column":44}},{"start":{"line":55,"column":49},"end":{"line":57,"column":43}}]},"5":{"line":55,"type":"cond-expr","locations":[{"start":{"line":56,"column":14},"end":{"line":56,"column":48}},{"start":{"line":57,"column":14},"end":{"line":57,"column":43}}]},"6":{"line":61,"type":"switch","locations":[{"start":{"line":68,"column":4},"end":{"line":150,"column":14},"skip":true},{"start":{"line":156,"column":4},"end":{"line":324,"column":14},"skip":true}]},"7":{"line":70,"type":"if","locations":[{"start":{"line":70,"column":12},"end":{"line":70,"column":12},"skip":true},{"start":{"line":70,"column":12},"end":{"line":70,"column":12},"skip":true}]},"8":{"line":70,"type":"binary-expr","locations":[{"start":{"line":70,"column":16},"end":{"line":70,"column":22},"skip":true},{"start":{"line":70,"column":27},"end":{"line":70,"column":32},"skip":true},{"start":{"line":71,"column":20},"end":{"line":71,"column":39},"skip":true},{"start":{"line":72,"column":20},"end":{"line":72,"column":49},"skip":true},{"start":{"line":73,"column":20},"end":{"line":73,"column":58},"skip":true},{"start":{"line":74,"column":20},"end":{"line":74,"column":69},"skip":true}]},"9":{"line":79,"type":"switch","locations":[{"start":{"line":80,"column":20},"end":{"line":80,"column":33},"skip":true},{"start":{"line":81,"column":20},"end":{"line":83,"column":30},"skip":true},{"start":{"line":84,"column":20},"end":{"line":85,"column":49},"skip":true}]},"10":{"line":89,"type":"switch","locations":[{"start":{"line":90,"column":12},"end":{"line":103,"column":22},"skip":true},{"start":{"line":105,"column":12},"end":{"line":106,"column":22},"skip":true}]},"11":{"line":89,"type":"binary-expr","locations":[{"start":{"line":89,"column":20},"end":{"line":89,"column":25},"skip":true},{"start":{"line":89,"column":29},"end":{"line":89,"column":48},"skip":true},{"start":{"line":89,"column":52},"end":{"line":89,"column":74},"skip":true}]},"12":{"line":92,"type":"if","locations":[{"start":{"line":92,"column":16},"end":{"line":92,"column":16},"skip":true},{"start":{"line":92,"column":16},"end":{"line":92,"column":16},"skip":true}]},"13":{"line":108,"type":"if","locations":[{"start":{"line":108,"column":12},"end":{"line":108,"column":12},"skip":true},{"start":{"line":108,"column":12},"end":{"line":108,"column":12},"skip":true}]},"14":{"line":108,"type":"binary-expr","locations":[{"start":{"line":108,"column":16},"end":{"line":108,"column":61},"skip":true},{"start":{"line":108,"column":66},"end":{"line":108,"column":72},"skip":true},{"start":{"line":108,"column":77},"end":{"line":108,"column":82},"skip":true},{"start":{"line":109,"column":20},"end":{"line":109,"column":39},"skip":true},{"start":{"line":110,"column":20},"end":{"line":110,"column":49},"skip":true},{"start":{"line":111,"column":20},"end":{"line":111,"column":58},"skip":true},{"start":{"line":112,"column":20},"end":{"line":112,"column":68},"skip":true}]},"15":{"line":129,"type":"if","locations":[{"start":{"line":129,"column":16},"end":{"line":129,"column":16},"skip":true},{"start":{"line":129,"column":16},"end":{"line":129,"column":16},"skip":true}]},"16":{"line":134,"type":"cond-expr","locations":[{"start":{"line":135,"column":26},"end":{"line":135,"column":29},"skip":true},{"start":{"line":136,"column":26},"end":{"line":136,"column":54},"skip":true}]},"17":{"line":164,"type":"binary-expr","locations":[{"start":{"line":164,"column":27},"end":{"line":164,"column":43},"skip":true},{"start":{"line":164,"column":47},"end":{"line":164,"column":49},"skip":true}]},"18":{"line":258,"type":"if","locations":[{"start":{"line":258,"column":8},"end":{"line":258,"column":8},"skip":true},{"start":{"line":258,"column":8},"end":{"line":258,"column":8},"skip":true}]},"19":{"line":275,"type":"switch","locations":[{"start":{"line":276,"column":20},"end":{"line":277,"column":64},"skip":true},{"start":{"line":278,"column":20},"end":{"line":279,"column":40},"skip":true},{"start":{"line":280,"column":20},"end":{"line":281,"column":40},"skip":true},{"start":{"line":282,"column":20},"end":{"line":283,"column":39},"skip":true}]},"20":{"line":288,"type":"if","locations":[{"start":{"line":288,"column":8},"end":{"line":288,"column":8},"skip":true},{"start":{"line":288,"column":8},"end":{"line":288,"column":8},"skip":true}]},"21":{"line":288,"type":"binary-expr","locations":[{"start":{"line":288,"column":12},"end":{"line":288,"column":40},"skip":true},{"start":{"line":288,"column":44},"end":{"line":288,"column":67},"skip":true}]},"22":{"line":292,"type":"binary-expr","locations":[{"start":{"line":292,"column":12},"end":{"line":292,"column":50},"skip":true},{"start":{"line":293,"column":12},"end":{"line":293,"column":53},"skip":true}]},"23":{"line":297,"type":"binary-expr","locations":[{"start":{"line":297,"column":12},"end":{"line":297,"column":62},"skip":true},{"start":{"line":298,"column":12},"end":{"line":301,"column":36},"skip":true}]},"24":{"line":303,"type":"binary-expr","locations":[{"start":{"line":303,"column":43},"end":{"line":303,"column":75},"skip":true},{"start":{"line":303,"column":79},"end":{"line":303,"column":81},"skip":true}]},"25":{"line":306,"type":"if","locations":[{"start":{"line":306,"column":8},"end":{"line":306,"column":8},"skip":true},{"start":{"line":306,"column":8},"end":{"line":306,"column":8},"skip":true}]},"26":{"line":310,"type":"if","locations":[{"start":{"line":310,"column":8},"end":{"line":310,"column":8},"skip":true},{"start":{"line":310,"column":8},"end":{"line":310,"column":8},"skip":true}]},"27":{"line":313,"type":"binary-expr","locations":[{"start":{"line":313,"column":27},"end":{"line":313,"column":43},"skip":true},{"start":{"line":313,"column":47},"end":{"line":313,"column":53},"skip":true}]},"28":{"line":317,"type":"if","locations":[{"start":{"line":317,"column":12},"end":{"line":317,"column":12},"skip":true},{"start":{"line":317,"column":12},"end":{"line":317,"column":12},"skip":true}]}},"code":["/*","example.js","","quickstart example","","instruction","    1. save this script as example.js","    2. run the shell command:","        $ npm install npmtest-tape && PORT=8081 node example.js","    3. play with the browser-demo on http://127.0.0.1:8081","*/","","","","/* istanbul instrument in package npmtest_tape */","/*jslint","    bitwise: true,","    browser: true,","    maxerr: 8,","    maxlen: 96,","    node: true,","    nomen: true,","    regexp: true,","    stupid: true","*/","(function () {","    'use strict';","    var local;","","","","    // run shared js-env code - pre-init","    (function () {","        // init local","        local = {};","        // init modeJs","        local.modeJs = (function () {","            try {","                return typeof navigator.userAgent === 'string' &&","                    typeof document.querySelector('body') === 'object' &&","                    typeof XMLHttpRequest.prototype.open === 'function' &&","                    'browser';","            } catch (errorCaughtBrowser) {","                return module.exports &&","                    typeof process.versions.node === 'string' &&","                    typeof require('http').createServer === 'function' &&","                    'node';","            }","        }());","        // init global","        local.global = local.modeJs === 'browser'","            ? window","            : global;","        // init utility2_rollup","        local = local.global.utility2_rollup || (local.modeJs === 'browser'","            ? local.global.utility2_npmtest_tape","            : global.utility2_moduleExports);","        // export local","        local.global.local = local;","    }());","    switch (local.modeJs) {","","","","    // post-init","    // run browser js-env code - post-init","    /* istanbul ignore next */","    case 'browser':","        local.testRunBrowser = function (event) {","            if (!event || (event &&","                    event.currentTarget &&","                    event.currentTarget.className &&","                    event.currentTarget.className.includes &&","                    event.currentTarget.className.includes('onreset'))) {","                // reset output","                Array.from(","                    document.querySelectorAll('body > .resettable')","                ).forEach(function (element) {","                    switch (element.tagName) {","                    case 'INPUT':","                    case 'TEXTAREA':","                        element.value = '';","                        break;","                    default:","                        element.textContent = '';","                    }","                });","            }","            switch (event && event.currentTarget && event.currentTarget.id) {","            case 'testRunButton1':","                // show tests","                if (document.querySelector('#testReportDiv1').style.display === 'none') {","                    document.querySelector('#testReportDiv1').style.display = 'block';","                    document.querySelector('#testRunButton1').textContent =","                        'hide internal test';","                    local.modeTest = true;","                    local.testRunDefault(local);","                // hide tests","                } else {","                    document.querySelector('#testReportDiv1').style.display = 'none';","                    document.querySelector('#testRunButton1').textContent = 'run internal test';","                }","                break;","            // custom-case","            default:","                break;","            }","            if (document.querySelector('#inputTextareaEval1') && (!event || (event &&","                    event.currentTarget &&","                    event.currentTarget.className &&","                    event.currentTarget.className.includes &&","                    event.currentTarget.className.includes('oneval')))) {","                // try to eval input-code","                try {","                    /*jslint evil: true*/","                    eval(document.querySelector('#inputTextareaEval1').value);","                } catch (errorCaught) {","                    console.error(errorCaught);","                }","            }","        };","        // log stderr and stdout to #outputTextareaStdout1","        ['error', 'log'].forEach(function (key) {","            console[key + '_original'] = console[key];","            console[key] = function () {","                var element;","                console[key + '_original'].apply(console, arguments);","                element = document.querySelector('#outputTextareaStdout1');","                if (!element) {","                    return;","                }","                // append text to #outputTextareaStdout1","                element.value += Array.from(arguments).map(function (arg) {","                    return typeof arg === 'string'","                        ? arg","                        : JSON.stringify(arg, null, 4);","                }).join(' ') + '\\n';","                // scroll textarea to bottom","                element.scrollTop = element.scrollHeight;","            };","        });","        // init event-handling","        ['change', 'click', 'keyup'].forEach(function (event) {","            Array.from(document.querySelectorAll('.on' + event)).forEach(function (element) {","                element.addEventListener(event, local.testRunBrowser);","            });","        });","        // run tests","        local.testRunBrowser();","        break;","","","","    // run node js-env code - post-init","    /* istanbul ignore next */","    case 'node':","        // export local","        module.exports = local;","        // require modules","        local.fs = require('fs');","        local.http = require('http');","        local.url = require('url');","        // init assets","        local.assetsDict = local.assetsDict || {};","        /* jslint-ignore-begin */","        local.assetsDict['/assets.index.template.html'] = '\\","<!doctype html>\\n\\","<html lang=\"en\">\\n\\","<head>\\n\\","<meta charset=\"UTF-8\">\\n\\","<meta name=\"viewport\" content=\"width=device-width, initial-scale=1\">\\n\\","<title>{{env.npm_package_name}} (v{{env.npm_package_version}})</title>\\n\\","<style>\\n\\","/*csslint\\n\\","    box-sizing: false,\\n\\","    universal-selector: false\\n\\","*/\\n\\","* {\\n\\","    box-sizing: border-box;\\n\\","}\\n\\","body {\\n\\","    background: #dde;\\n\\","    font-family: Arial, Helvetica, sans-serif;\\n\\","    margin: 2rem;\\n\\","}\\n\\","body > * {\\n\\","    margin-bottom: 1rem;\\n\\","}\\n\\",".utility2FooterDiv {\\n\\","    margin-top: 20px;\\n\\","    text-align: center;\\n\\","}\\n\\","</style>\\n\\","<style>\\n\\","/*csslint\\n\\","*/\\n\\","textarea {\\n\\","    font-family: monospace;\\n\\","    height: 10rem;\\n\\","    width: 100%;\\n\\","}\\n\\","textarea[readonly] {\\n\\","    background: #ddd;\\n\\","}\\n\\","</style>\\n\\","</head>\\n\\","<body>\\n\\","<!-- utility2-comment\\n\\","<div id=\"ajaxProgressDiv1\" style=\"background: #d00; height: 2px; left: 0; margin: 0; padding: 0; position: fixed; top: 0; transition: background 0.5s, width 1.5s; width: 25%;\"></div>\\n\\","utility2-comment -->\\n\\","<h1>\\n\\","<!-- utility2-comment\\n\\","    <a\\n\\","        {{#if env.npm_package_homepage}}\\n\\","        href=\"{{env.npm_package_homepage}}\"\\n\\","        {{/if env.npm_package_homepage}}\\n\\","        target=\"_blank\"\\n\\","    >\\n\\","utility2-comment -->\\n\\","        {{env.npm_package_name}} (v{{env.npm_package_version}})\\n\\","<!-- utility2-comment\\n\\","    </a>\\n\\","utility2-comment -->\\n\\","</h1>\\n\\","<h3>{{env.npm_package_description}}</h3>\\n\\","<!-- utility2-comment\\n\\","<h4><a download href=\"assets.app.js\">download standalone app</a></h4>\\n\\","<button class=\"onclick onreset\" id=\"testRunButton1\">run internal test</button><br>\\n\\","<div id=\"testReportDiv1\" style=\"display: none;\"></div>\\n\\","utility2-comment -->\\n\\","\\n\\","\\n\\","\\n\\","<label>stderr and stdout</label>\\n\\","<textarea class=\"resettable\" id=\"outputTextareaStdout1\" readonly></textarea>\\n\\","<!-- utility2-comment\\n\\","{{#if isRollup}}\\n\\","<script src=\"assets.app.js\"></script>\\n\\","{{#unless isRollup}}\\n\\","utility2-comment -->\\n\\","<script src=\"assets.utility2.rollup.js\"></script>\\n\\","<script src=\"jsonp.utility2._stateInit?callback=window.utility2._stateInit\"></script>\\n\\","<script src=\"assets.npmtest_tape.rollup.js\"></script>\\n\\","<script src=\"assets.example.js\"></script>\\n\\","<script src=\"assets.test.js\"></script>\\n\\","<!-- utility2-comment\\n\\","{{/if isRollup}}\\n\\","utility2-comment -->\\n\\","<div class=\"utility2FooterDiv\">\\n\\","    [ this app was created with\\n\\","    <a href=\"https://github.com/kaizhu256/node-utility2\" target=\"_blank\">utility2</a>\\n\\","    ]\\n\\","</div>\\n\\","</body>\\n\\","</html>\\n\\","';","        /* jslint-ignore-end */","        if (local.templateRender) {","            local.assetsDict['/'] = local.templateRender(","                local.assetsDict['/assets.index.template.html'],","                {","                    env: local.objectSetDefault(local.env, {","                        npm_package_description: 'the greatest app in the world!',","                        npm_package_name: 'my-app',","                        npm_package_nameAlias: 'my_app',","                        npm_package_version: '0.0.1'","                    })","                }","            );","        } else {","            local.assetsDict['/'] = local.assetsDict['/assets.index.template.html']","                .replace((/\\{\\{env\\.(\\w+?)\\}\\}/g), function (match0, match1) {","                    // jslint-hack","                    String(match0);","                    switch (match1) {","                    case 'npm_package_description':","                        return 'the greatest app in the world!';","                    case 'npm_package_name':","                        return 'my-app';","                    case 'npm_package_nameAlias':","                        return 'my_app';","                    case 'npm_package_version':","                        return '0.0.1';","                    }","                });","        }","        // run the cli","        if (local.global.utility2_rollup || module !== require.main) {","            break;","        }","        local.assetsDict['/assets.example.js'] =","            local.assetsDict['/assets.example.js'] ||","            local.fs.readFileSync(__filename, 'utf8');","        // bug-workaround - long $npm_package_buildCustomOrg","        /* jslint-ignore-begin */","        local.assetsDict['/assets.npmtest_tape.rollup.js'] =","            local.assetsDict['/assets.npmtest_tape.rollup.js'] ||","            local.fs.readFileSync(","                local.npmtest_tape.__dirname + '/lib.npmtest_tape.js',","                'utf8'","            ).replace((/^#!/), '//');","        /* jslint-ignore-end */","        local.assetsDict['/favicon.ico'] = local.assetsDict['/favicon.ico'] || '';","        // if $npm_config_timeout_exit exists,","        // then exit this process after $npm_config_timeout_exit ms","        if (Number(process.env.npm_config_timeout_exit)) {","            setTimeout(process.exit, Number(process.env.npm_config_timeout_exit));","        }","        // start server","        if (local.global.utility2_serverHttp1) {","            break;","        }","        process.env.PORT = process.env.PORT || '8081';","        console.error('server starting on port ' + process.env.PORT);","        local.http.createServer(function (request, response) {","            request.urlParsed = local.url.parse(request.url);","            if (local.assetsDict[request.urlParsed.pathname] !== undefined) {","                response.end(local.assetsDict[request.urlParsed.pathname]);","                return;","            }","            response.statusCode = 404;","            response.end();","        }).listen(process.env.PORT);","        break;","    }","}());",""],"l":{"26":2,"28":2,"33":2,"35":2,"37":2,"38":2,"39":2,"44":1,"51":2,"55":2,"59":2,"61":2,"69":1,"70":2,"76":2,"79":2,"82":2,"83":2,"85":1,"89":2,"92":1,"93":1,"94":1,"96":1,"97":1,"100":1,"101":1,"103":1,"106":1,"108":2,"114":1,"116":1,"118":1,"123":1,"124":2,"125":2,"126":3,"127":3,"128":3,"129":3,"130":1,"133":3,"134":3,"139":3,"143":1,"144":3,"145":1,"149":1,"150":1,"158":1,"160":1,"161":1,"162":1,"164":1,"166":1,"258":1,"259":1,"271":1,"274":6,"275":6,"277":1,"279":2,"281":1,"283":2,"288":1,"289":1,"291":1,"296":1,"303":1,"306":1,"307":1,"310":1,"311":1,"313":1,"314":1,"315":1,"316":1,"317":1,"318":1,"319":1,"321":1,"322":1,"324":1}},"/home/travis/build/npmtest/node-npmtest-tape/node_modules/tape/index.js":{"path":"/home/travis/build/npmtest/node-npmtest-tape/node_modules/tape/index.js","s":{"1":1,"2":1,"3":1,"4":1,"5":1,"6":1,"7":1,"8":1,"9":1,"10":1,"11":1,"12":0,"13":1,"14":0,"15":1,"16":0,"17":0,"18":0,"19":0,"20":0,"21":0,"22":0,"23":1,"24":0,"25":1,"26":1,"27":1,"28":0,"29":0,"30":0,"31":0,"32":0,"33":0,"34":1,"35":0,"36":0,"37":0,"38":0,"39":0,"40":0,"41":0,"42":0,"43":0,"44":0,"45":0,"46":0,"47":0,"48":0,"49":0,"50":0,"51":0,"52":0,"53":0,"54":0,"55":0,"56":0,"57":0,"58":0,"59":0,"60":0,"61":0,"62":0,"63":0,"64":1,"65":1,"66":1,"67":1,"68":1,"69":1,"70":0,"71":0,"72":0,"73":0,"74":0,"75":0,"76":0,"77":0,"78":0,"79":0,"80":0,"81":0,"82":0,"83":0,"84":0,"85":0,"86":0,"87":0,"88":0,"89":0,"90":0,"91":0,"92":0,"93":0,"94":0,"95":0,"96":0,"97":0,"98":0,"99":0,"100":0,"101":0,"102":0,"103":0,"104":0},"b":{"1":[1,1,1,1],"2":[1,1,1],"3":[1,0],"4":[0,0],"5":[0,0],"6":[0,0],"7":[0,0],"8":[0,0],"9":[0,0],"10":[0,0],"11":[0,0],"12":[0,0],"13":[0,0],"14":[0,0],"15":[0,0],"16":[0,0],"17":[0,0],"18":[0,0],"19":[0,0],"20":[0,0],"21":[0,0],"22":[0,0],"23":[0,0]},"f":{"1":1,"2":0,"3":0,"4":0,"5":0,"6":0,"7":0,"8":0,"9":0,"10":0,"11":0,"12":0,"13":0,"14":0,"15":0,"16":0,"17":0,"18":0,"19":0,"20":0},"fnMap":{"1":{"name":"(anonymous_1)","line":19,"loc":{"start":{"line":19,"column":28},"end":{"line":19,"column":40}}},"2":{"name":"(anonymous_2)","line":21,"loc":{"start":{"line":21,"column":19},"end":{"line":21,"column":31}}},"3":{"name":"(anonymous_3)","line":25,"loc":{"start":{"line":25,"column":20},"end":{"line":25,"column":32}}},"4":{"name":"(anonymous_4)","line":29,"loc":{"start":{"line":29,"column":28},"end":{"line":29,"column":44}}},"5":{"name":"(anonymous_5)","line":39,"loc":{"start":{"line":39,"column":24},"end":{"line":39,"column":36}}},"6":{"name":"getHarness","line":47,"loc":{"start":{"line":47,"column":4},"end":{"line":47,"column":31}}},"7":{"name":"createExitHarness","line":55,"loc":{"start":{"line":55,"column":0},"end":{"line":55,"column":34}}},"8":{"name":"(anonymous_8)","line":64,"loc":{"start":{"line":64,"column":23},"end":{"line":64,"column":38}}},"9":{"name":"(anonymous_9)","line":68,"loc":{"start":{"line":68,"column":21},"end":{"line":68,"column":33}}},"10":{"name":"(anonymous_10)","line":75,"loc":{"start":{"line":75,"column":23},"end":{"line":75,"column":39}}},"11":{"name":"createHarness","line":103,"loc":{"start":{"line":103,"column":0},"end":{"line":103,"column":31}}},"12":{"name":"(anonymous_12)","line":107,"loc":{"start":{"line":107,"column":29},"end":{"line":107,"column":41}}},"13":{"name":"(anonymous_13)","line":110,"loc":{"start":{"line":110,"column":15},"end":{"line":110,"column":41}}},"14":{"name":"inspectCode","line":114,"loc":{"start":{"line":114,"column":9},"end":{"line":114,"column":35}}},"15":{"name":"sub","line":115,"loc":{"start":{"line":115,"column":26},"end":{"line":115,"column":45}}},"16":{"name":"(anonymous_16)","line":118,"loc":{"start":{"line":118,"column":28},"end":{"line":118,"column":41}}},"17":{"name":"(anonymous_17)","line":130,"loc":{"start":{"line":130,"column":24},"end":{"line":130,"column":40}}},"18":{"name":"(anonymous_18)","line":134,"loc":{"start":{"line":134,"column":20},"end":{"line":134,"column":34}}},"19":{"name":"(anonymous_19)","line":139,"loc":{"start":{"line":139,"column":16},"end":{"line":139,"column":28}}},"20":{"name":"(anonymous_20)","line":148,"loc":{"start":{"line":148,"column":17},"end":{"line":148,"column":29}}}},"statementMap":{"1":{"start":{"line":1,"column":0},"end":{"line":1,"column":33}},"2":{"start":{"line":2,"column":0},"end":{"line":2,"column":58}},"3":{"start":{"line":3,"column":0},"end":{"line":3,"column":33}},"4":{"start":{"line":4,"column":0},"end":{"line":4,"column":44}},"5":{"start":{"line":5,"column":0},"end":{"line":5,"column":33}},"6":{"start":{"line":7,"column":0},"end":{"line":9,"column":1}},"7":{"start":{"line":10,"column":0},"end":{"line":12,"column":1}},"8":{"start":{"line":14,"column":0},"end":{"line":17,"column":1}},"9":{"start":{"line":19,"column":0},"end":{"line":53,"column":5}},"10":{"start":{"line":20,"column":4},"end":{"line":20,"column":16}},"11":{"start":{"line":21,"column":4},"end":{"line":23,"column":6}},"12":{"start":{"line":22,"column":8},"end":{"line":22,"column":51}},"13":{"start":{"line":25,"column":4},"end":{"line":27,"column":6}},"14":{"start":{"line":26,"column":8},"end":{"line":26,"column":56}},"15":{"start":{"line":29,"column":4},"end":{"line":37,"column":6}},"16":{"start":{"line":30,"column":8},"end":{"line":30,"column":29}},"17":{"start":{"line":30,"column":19},"end":{"line":30,"column":29}},"18":{"start":{"line":31,"column":8},"end":{"line":35,"column":9}},"19":{"start":{"line":32,"column":12},"end":{"line":32,"column":35}},"20":{"start":{"line":33,"column":12},"end":{"line":33,"column":72}},"21":{"start":{"line":34,"column":12},"end":{"line":34,"column":26}},"22":{"start":{"line":36,"column":8},"end":{"line":36,"column":42}},"23":{"start":{"line":39,"column":4},"end":{"line":41,"column":6}},"24":{"start":{"line":40,"column":8},"end":{"line":40,"column":60}},"25":{"start":{"line":43,"column":4},"end":{"line":43,"column":36}},"26":{"start":{"line":45,"column":4},"end":{"line":45,"column":19}},"27":{"start":{"line":47,"column":4},"end":{"line":52,"column":5}},"28":{"start":{"line":48,"column":8},"end":{"line":48,"column":29}},"29":{"start":{"line":48,"column":19},"end":{"line":48,"column":29}},"30":{"start":{"line":49,"column":8},"end":{"line":49,"column":38}},"31":{"start":{"line":50,"column":8},"end":{"line":50,"column":56}},"32":{"start":{"line":50,"column":22},"end":{"line":50,"column":56}},"33":{"start":{"line":51,"column":8},"end":{"line":51,"column":23}},"34":{"start":{"line":55,"column":0},"end":{"line":94,"column":1}},"35":{"start":{"line":56,"column":4},"end":{"line":56,"column":25}},"36":{"start":{"line":56,"column":15},"end":{"line":56,"column":25}},"37":{"start":{"line":57,"column":4},"end":{"line":59,"column":7}},"38":{"start":{"line":61,"column":4},"end":{"line":61,"column":71}},"39":{"start":{"line":62,"column":4},"end":{"line":62,"column":63}},"40":{"start":{"line":63,"column":4},"end":{"line":65,"column":5}},"41":{"start":{"line":64,"column":8},"end":{"line":64,"column":65}},"42":{"start":{"line":64,"column":40},"end":{"line":64,"column":62}},"43":{"start":{"line":67,"column":4},"end":{"line":67,"column":22}},"44":{"start":{"line":68,"column":4},"end":{"line":68,"column":51}},"45":{"start":{"line":68,"column":35},"end":{"line":68,"column":48}},"46":{"start":{"line":70,"column":4},"end":{"line":70,"column":44}},"47":{"start":{"line":70,"column":29},"end":{"line":70,"column":44}},"48":{"start":{"line":71,"column":4},"end":{"line":71,"column":49}},"49":{"start":{"line":71,"column":34},"end":{"line":71,"column":49}},"50":{"start":{"line":73,"column":4},"end":{"line":73,"column":29}},"51":{"start":{"line":75,"column":4},"end":{"line":91,"column":7}},"52":{"start":{"line":77,"column":8},"end":{"line":79,"column":9}},"53":{"start":{"line":78,"column":12},"end":{"line":78,"column":18}},"54":{"start":{"line":81,"column":8},"end":{"line":88,"column":9}},"55":{"start":{"line":82,"column":12},"end":{"line":82,"column":46}},"56":{"start":{"line":83,"column":12},"end":{"line":87,"column":13}},"57":{"start":{"line":84,"column":16},"end":{"line":84,"column":42}},"58":{"start":{"line":85,"column":16},"end":{"line":85,"column":49}},"59":{"start":{"line":85,"column":40},"end":{"line":85,"column":49}},"60":{"start":{"line":86,"column":16},"end":{"line":86,"column":26}},"61":{"start":{"line":89,"column":8},"end":{"line":89,"column":24}},"62":{"start":{"line":90,"column":8},"end":{"line":90,"column":48}},"63":{"start":{"line":93,"column":4},"end":{"line":93,"column":19}},"64":{"start":{"line":96,"column":0},"end":{"line":96,"column":38}},"65":{"start":{"line":97,"column":0},"end":{"line":97,"column":20}},"66":{"start":{"line":98,"column":0},"end":{"line":98,"column":23}},"67":{"start":{"line":99,"column":0},"end":{"line":99,"column":30}},"68":{"start":{"line":101,"column":0},"end":{"line":101,"column":17}},"69":{"start":{"line":103,"column":0},"end":{"line":151,"column":1}},"70":{"start":{"line":104,"column":4},"end":{"line":104,"column":27}},"71":{"start":{"line":104,"column":16},"end":{"line":104,"column":27}},"72":{"start":{"line":105,"column":4},"end":{"line":105,"column":33}},"73":{"start":{"line":106,"column":4},"end":{"line":108,"column":5}},"74":{"start":{"line":107,"column":8},"end":{"line":107,"column":62}},"75":{"start":{"line":107,"column":43},"end":{"line":107,"column":59}},"76":{"start":{"line":110,"column":4},"end":{"line":125,"column":6}},"77":{"start":{"line":111,"column":8},"end":{"line":111,"column":41}},"78":{"start":{"line":112,"column":8},"end":{"line":112,"column":28}},"79":{"start":{"line":114,"column":8},"end":{"line":121,"column":14}},"80":{"start":{"line":115,"column":12},"end":{"line":117,"column":15}},"81":{"start":{"line":116,"column":16},"end":{"line":116,"column":33}},"82":{"start":{"line":118,"column":12},"end":{"line":120,"column":15}},"83":{"start":{"line":119,"column":16},"end":{"line":119,"column":70}},"84":{"start":{"line":119,"column":52},"end":{"line":119,"column":70}},"85":{"start":{"line":123,"column":8},"end":{"line":123,"column":24}},"86":{"start":{"line":124,"column":8},"end":{"line":124,"column":17}},"87":{"start":{"line":126,"column":4},"end":{"line":126,"column":28}},"88":{"start":{"line":128,"column":4},"end":{"line":128,"column":21}},"89":{"start":{"line":130,"column":4},"end":{"line":132,"column":6}},"90":{"start":{"line":131,"column":8},"end":{"line":131,"column":42}},"91":{"start":{"line":134,"column":4},"end":{"line":136,"column":6}},"92":{"start":{"line":135,"column":8},"end":{"line":135,"column":31}},"93":{"start":{"line":138,"column":4},"end":{"line":138,"column":21}},"94":{"start":{"line":139,"column":4},"end":{"line":145,"column":6}},"95":{"start":{"line":140,"column":8},"end":{"line":140,"column":69}},"96":{"start":{"line":140,"column":18},"end":{"line":140,"column":69}},"97":{"start":{"line":141,"column":8},"end":{"line":141,"column":20}},"98":{"start":{"line":142,"column":8},"end":{"line":142,"column":44}},"99":{"start":{"line":143,"column":8},"end":{"line":143,"column":24}},"100":{"start":{"line":144,"column":8},"end":{"line":144,"column":17}},"101":{"start":{"line":146,"column":4},"end":{"line":146,"column":23}},"102":{"start":{"line":148,"column":4},"end":{"line":148,"column":49}},"103":{"start":{"line":148,"column":31},"end":{"line":148,"column":47}},"104":{"start":{"line":150,"column":4},"end":{"line":150,"column":16}}},"branchMap":{"1":{"line":7,"type":"binary-expr","locations":[{"start":{"line":7,"column":18},"end":{"line":7,"column":48}},{"start":{"line":7,"column":52},"end":{"line":7,"column":59}},{"start":{"line":8,"column":7},"end":{"line":8,"column":39}},{"start":{"line":8,"column":43},"end":{"line":8,"column":67}}]},"2":{"line":10,"type":"binary-expr","locations":[{"start":{"line":10,"column":14},"end":{"line":10,"column":44}},{"start":{"line":10,"column":48},"end":{"line":10,"column":55}},{"start":{"line":11,"column":7},"end":{"line":11,"column":41}}]},"3":{"line":14,"type":"cond-expr","locations":[{"start":{"line":15,"column":6},"end":{"line":15,"column":18}},{"start":{"line":16,"column":6},"end":{"line":16,"column":22}}]},"4":{"line":30,"type":"if","locations":[{"start":{"line":30,"column":8},"end":{"line":30,"column":8}},{"start":{"line":30,"column":8},"end":{"line":30,"column":8}}]},"5":{"line":31,"type":"if","locations":[{"start":{"line":31,"column":8},"end":{"line":31,"column":8}},{"start":{"line":31,"column":8},"end":{"line":31,"column":8}}]},"6":{"line":48,"type":"if","locations":[{"start":{"line":48,"column":8},"end":{"line":48,"column":8}},{"start":{"line":48,"column":8},"end":{"line":48,"column":8}}]},"7":{"line":50,"type":"if","locations":[{"start":{"line":50,"column":8},"end":{"line":50,"column":8}},{"start":{"line":50,"column":8},"end":{"line":50,"column":8}}]},"8":{"line":56,"type":"if","locations":[{"start":{"line":56,"column":4},"end":{"line":56,"column":4}},{"start":{"line":56,"column":4},"end":{"line":56,"column":4}}]},"9":{"line":62,"type":"binary-expr","locations":[{"start":{"line":62,"column":25},"end":{"line":62,"column":36}},{"start":{"line":62,"column":40},"end":{"line":62,"column":61}}]},"10":{"line":63,"type":"if","locations":[{"start":{"line":63,"column":4},"end":{"line":63,"column":4}},{"start":{"line":63,"column":4},"end":{"line":63,"column":4}}]},"11":{"line":70,"type":"if","locations":[{"start":{"line":70,"column":4},"end":{"line":70,"column":4}},{"start":{"line":70,"column":4},"end":{"line":70,"column":4}}]},"12":{"line":71,"type":"if","locations":[{"start":{"line":71,"column":4},"end":{"line":71,"column":4}},{"start":{"line":71,"column":4},"end":{"line":71,"column":4}}]},"13":{"line":71,"type":"binary-expr","locations":[{"start":{"line":71,"column":8},"end":{"line":71,"column":20}},{"start":{"line":71,"column":24},"end":{"line":71,"column":32}}]},"14":{"line":77,"type":"if","locations":[{"start":{"line":77,"column":8},"end":{"line":77,"column":8}},{"start":{"line":77,"column":8},"end":{"line":77,"column":8}}]},"15":{"line":81,"type":"if","locations":[{"start":{"line":81,"column":8},"end":{"line":81,"column":8}},{"start":{"line":81,"column":8},"end":{"line":81,"column":8}}]},"16":{"line":85,"type":"if","locations":[{"start":{"line":85,"column":16},"end":{"line":85,"column":16}},{"start":{"line":85,"column":16},"end":{"line":85,"column":16}}]},"17":{"line":85,"type":"binary-expr","locations":[{"start":{"line":85,"column":20},"end":{"line":85,"column":24}},{"start":{"line":85,"column":28},"end":{"line":85,"column":38}}]},"18":{"line":90,"type":"binary-expr","locations":[{"start":{"line":90,"column":21},"end":{"line":90,"column":25}},{"start":{"line":90,"column":29},"end":{"line":90,"column":46}}]},"19":{"line":104,"type":"if","locations":[{"start":{"line":104,"column":4},"end":{"line":104,"column":4}},{"start":{"line":104,"column":4},"end":{"line":104,"column":4}}]},"20":{"line":106,"type":"if","locations":[{"start":{"line":106,"column":4},"end":{"line":106,"column":4}},{"start":{"line":106,"column":4},"end":{"line":106,"column":4}}]},"21":{"line":119,"type":"if","locations":[{"start":{"line":119,"column":16},"end":{"line":119,"column":16}},{"start":{"line":119,"column":16},"end":{"line":119,"column":16}}]},"22":{"line":119,"type":"binary-expr","locations":[{"start":{"line":119,"column":20},"end":{"line":119,"column":25}},{"start":{"line":119,"column":29},"end":{"line":119,"column":50}}]},"23":{"line":140,"type":"if","locations":[{"start":{"line":140,"column":8},"end":{"line":140,"column":8}},{"start":{"line":140,"column":8},"end":{"line":140,"column":8}}]}},"code":["var defined = require('defined');","var createDefaultStream = require('./lib/default_stream');","var Test = require('./lib/test');","var createResult = require('./lib/results');","var through = require('through');","","var canEmitExit = typeof process !== 'undefined' && process","    && typeof process.on === 'function' && process.browser !== true",";","var canExit = typeof process !== 'undefined' && process","    && typeof process.exit === 'function'",";","","var nextTick = typeof setImmediate !== 'undefined'","    ? setImmediate","    : process.nextTick",";","","exports = module.exports = (function () {","    var harness;","    var lazyLoad = function () {","        return getHarness().apply(this, arguments);","    };","    ","    lazyLoad.only = function () {","        return getHarness().only.apply(this, arguments);","    };","    ","    lazyLoad.createStream = function (opts) {","        if (!opts) opts = {};","        if (!harness) {","            var output = through();","            getHarness({ stream: output, objectMode: opts.objectMode });","            return output;","        }","        return harness.createStream(opts);","    };","    ","    lazyLoad.onFinish = function () {","        return getHarness().onFinish.apply(this, arguments);","    };","","    lazyLoad.getHarness = getHarness","","    return lazyLoad","","    function getHarness (opts) {","        if (!opts) opts = {};","        opts.autoclose = !canEmitExit;","        if (!harness) harness = createExitHarness(opts);","        return harness;","    }","})();","","function createExitHarness (conf) {","    if (!conf) conf = {};","    var harness = createHarness({","        autoclose: defined(conf.autoclose, false)","    });","    ","    var stream = harness.createStream({ objectMode: conf.objectMode });","    var es = stream.pipe(conf.stream || createDefaultStream());","    if (canEmitExit) {","        es.on('error', function (err) { harness._exitCode = 1 });","    }","    ","    var ended = false;","    stream.on('end', function () { ended = true });","    ","    if (conf.exit === false) return harness;","    if (!canEmitExit || !canExit) return harness;","","    var inErrorState = false;","","    process.on('exit', function (code) {","        // let the process exit cleanly.","        if (code !== 0) {","            return","        }","","        if (!ended) {","            var only = harness._results._only;","            for (var i = 0; i < harness._tests.length; i++) {","                var t = harness._tests[i];","                if (only && t !== only) continue;","                t._exit();","            }","        }","        harness.close();","        process.exit(code || harness._exitCode);","    });","    ","    return harness;","}","","exports.createHarness = createHarness;","exports.Test = Test;","exports.test = exports; // tap compat","exports.test.skip = Test.skip;","","var exitInterval;","","function createHarness (conf_) {","    if (!conf_) conf_ = {};","    var results = createResult();","    if (conf_.autoclose !== false) {","        results.once('done', function () { results.close() });","    }","    ","    var test = function (name, conf, cb) {","        var t = new Test(name, conf, cb);","        test._tests.push(t);","        ","        (function inspectCode (st) {","            st.on('test', function sub (st_) {","                inspectCode(st_);","            });","            st.on('result', function (r) {","                if (!r.ok && typeof r !== 'string') test._exitCode = 1","            });","        })(t);","        ","        results.push(t);","        return t;","    };","    test._results = results;","    ","    test._tests = [];","    ","    test.createStream = function (opts) {","        return results.createStream(opts);","    };","","    test.onFinish = function (cb) {","        results.on('done', cb);","    };","    ","    var only = false;","    test.only = function () {","        if (only) throw new Error('there can only be one only test');","        only = true;","        var t = test.apply(null, arguments);","        results.only(t);","        return t;","    };","    test._exitCode = 0;","    ","    test.close = function () { results.close() };","    ","    return test;","}",""],"l":{"1":1,"2":1,"3":1,"4":1,"5":1,"7":1,"10":1,"14":1,"19":1,"20":1,"21":1,"22":0,"25":1,"26":0,"29":1,"30":0,"31":0,"32":0,"33":0,"34":0,"36":0,"39":1,"40":0,"43":1,"45":1,"47":1,"48":0,"49":0,"50":0,"51":0,"55":1,"56":0,"57":0,"61":0,"62":0,"63":0,"64":0,"67":0,"68":0,"70":0,"71":0,"73":0,"75":0,"77":0,"78":0,"81":0,"82":0,"83":0,"84":0,"85":0,"86":0,"89":0,"90":0,"93":0,"96":1,"97":1,"98":1,"99":1,"101":1,"103":1,"104":0,"105":0,"106":0,"107":0,"110":0,"111":0,"112":0,"114":0,"115":0,"116":0,"118":0,"119":0,"123":0,"124":0,"126":0,"128":0,"130":0,"131":0,"134":0,"135":0,"138":0,"139":0,"140":0,"141":0,"142":0,"143":0,"144":0,"146":0,"148":0,"150":0}},"/home/travis/build/npmtest/node-npmtest-tape/node_modules/tape/lib/default_stream.js":{"path":"/home/travis/build/npmtest/node-npmtest-tape/node_modules/tape/lib/default_stream.js","s":{"1":1,"2":1,"3":1,"4":0,"5":0,"6":0,"7":1,"8":0,"9":0,"10":0,"11":0,"12":0,"13":1,"14":0,"15":0,"16":0,"17":0,"18":0,"19":0,"20":0,"21":0},"b":{"1":[0,0],"2":[0,0],"3":[0,0],"4":[0,0]},"f":{"1":0,"2":0,"3":0},"fnMap":{"1":{"name":"(anonymous_1)","line":4,"loc":{"start":{"line":4,"column":17},"end":{"line":4,"column":29}}},"2":{"name":"write","line":9,"loc":{"start":{"line":9,"column":4},"end":{"line":9,"column":25}}},"3":{"name":"flush","line":20,"loc":{"start":{"line":20,"column":4},"end":{"line":20,"column":22}}}},"statementMap":{"1":{"start":{"line":1,"column":0},"end":{"line":1,"column":33}},"2":{"start":{"line":2,"column":0},"end":{"line":2,"column":23}},"3":{"start":{"line":4,"column":0},"end":{"line":31,"column":2}},"4":{"start":{"line":5,"column":4},"end":{"line":5,"column":18}},"5":{"start":{"line":6,"column":4},"end":{"line":6,"column":39}},"6":{"start":{"line":7,"column":4},"end":{"line":7,"column":18}},"7":{"start":{"line":9,"column":4},"end":{"line":18,"column":5}},"8":{"start":{"line":10,"column":8},"end":{"line":17,"column":9}},"9":{"start":{"line":11,"column":12},"end":{"line":14,"column":13}},"10":{"start":{"line":15,"column":12},"end":{"line":16,"column":27}},"11":{"start":{"line":15,"column":28},"end":{"line":15,"column":36}},"12":{"start":{"line":16,"column":17},"end":{"line":16,"column":27}},"13":{"start":{"line":20,"column":4},"end":{"line":30,"column":5}},"14":{"start":{"line":21,"column":8},"end":{"line":28,"column":9}},"15":{"start":{"line":22,"column":12},"end":{"line":23,"column":49}},"16":{"start":{"line":22,"column":18},"end":{"line":22,"column":47}},"17":{"start":{"line":23,"column":24},"end":{"line":23,"column":48}},"18":{"start":{"line":26,"column":12},"end":{"line":27,"column":49}},"19":{"start":{"line":26,"column":18},"end":{"line":26,"column":36}},"20":{"start":{"line":27,"column":24},"end":{"line":27,"column":48}},"21":{"start":{"line":29,"column":8},"end":{"line":29,"column":18}}},"branchMap":{"1":{"line":11,"type":"cond-expr","locations":[{"start":{"line":12,"column":18},"end":{"line":12,"column":31}},{"start":{"line":13,"column":18},"end":{"line":13,"column":45}}]},"2":{"line":15,"type":"if","locations":[{"start":{"line":15,"column":12},"end":{"line":15,"column":12}},{"start":{"line":15,"column":12},"end":{"line":15,"column":12}}]},"3":{"line":21,"type":"if","locations":[{"start":{"line":21,"column":8},"end":{"line":21,"column":8}},{"start":{"line":21,"column":8},"end":{"line":21,"column":8}}]},"4":{"line":21,"type":"binary-expr","locations":[{"start":{"line":21,"column":12},"end":{"line":21,"column":24}},{"start":{"line":21,"column":28},"end":{"line":21,"column":57}}]}},"code":["var through = require('through');","var fs = require('fs');","","module.exports = function () {","    var line = '';","    var stream = through(write, flush);","    return stream;","    ","    function write (buf) {","        for (var i = 0; i < buf.length; i++) {","            var c = typeof buf === 'string'","                ? buf.charAt(i)","                : String.fromCharCode(buf[i])","            ;","            if (c === '\\n') flush();","            else line += c;","        }","    }","    ","    function flush () {","        if (fs.writeSync && /^win/.test(process.platform)) {","            try { fs.writeSync(1, line + '\\n'); }","            catch (e) { stream.emit('error', e) }","        }","        else {","            try { console.log(line) }","            catch (e) { stream.emit('error', e) }","        }","        line = '';","    }","};",""],"l":{"1":1,"2":1,"4":1,"5":0,"6":0,"7":0,"9":1,"10":0,"11":0,"15":0,"16":0,"20":1,"21":0,"22":0,"23":0,"26":0,"27":0,"29":0}},"/home/travis/build/npmtest/node-npmtest-tape/node_modules/tape/lib/test.js":{"path":"/home/travis/build/npmtest/node-npmtest-tape/node_modules/tape/lib/test.js","s":{"1":1,"2":1,"3":1,"4":1,"5":1,"6":1,"7":1,"8":1,"9":1,"10":1,"11":1,"12":1,"13":1,"14":1,"15":1,"16":0,"17":0,"18":0,"19":0,"20":0,"21":0,"22":0,"23":0,"24":0,"25":0,"26":0,"27":0,"28":0,"29":1,"30":0,"31":0,"32":0,"33":0,"34":0,"35":0,"36":0,"37":0,"38":0,"39":0,"40":0,"41":0,"42":0,"43":0,"44":0,"45":0,"46":0,"47":0,"48":0,"49":0,"50":1,"51":0,"52":0,"53":0,"54":0,"55":0,"56":0,"57":0,"58":0,"59":0,"60":1,"61":0,"62":0,"63":0,"64":0,"65":0,"66":0,"67":0,"68":0,"69":0,"70":0,"71":0,"72":0,"73":0,"74":1,"75":0,"76":0,"77":0,"78":1,"79":0,"80":0,"81":1,"82":0,"83":0,"84":0,"85":0,"86":0,"87":0,"88":0,"89":0,"90":1,"91":0,"92":0,"93":0,"94":0,"95":0,"96":0,"97":0,"98":1,"99":0,"100":0,"101":0,"102":0,"103":0,"104":0,"105":0,"106":0,"107":0,"108":0,"109":0,"110":0,"111":0,"112":0,"113":1,"114":0,"115":0,"116":0,"117":0,"118":0,"119":1,"120":0,"121":0,"122":0,"123":1,"124":0,"125":0,"126":0,"127":0,"128":0,"129":0,"130":0,"131":0,"132":0,"133":0,"134":0,"135":0,"136":0,"137":0,"138":0,"139":0,"140":0,"141":0,"142":0,"143":0,"144":0,"145":0,"146":0,"147":0,"148":0,"149":0,"150":0,"151":0,"152":0,"153":0,"154":0,"155":0,"156":0,"157":0,"158":0,"159":0,"160":0,"161":0,"162":0,"163":0,"164":0,"165":0,"166":0,"167":0,"168":0,"169":1,"170":0,"171":1,"172":0,"173":1,"174":0,"175":1,"176":0,"177":1,"178":0,"179":1,"180":0,"181":1,"182":0,"183":1,"184":0,"185":1,"186":0,"187":1,"188":0,"189":1,"190":0,"191":1,"192":0,"193":1,"194":0,"195":0,"196":0,"197":0,"198":0,"199":0,"200":0,"201":0,"202":0,"203":0,"204":0,"205":0,"206":0,"207":0,"208":0,"209":0,"210":0,"211":0,"212":0,"213":1,"214":0,"215":0,"216":0,"217":0,"218":0,"219":0,"220":0,"221":0,"222":1,"223":0,"224":0,"225":0},"b":{"1":[1,0],"2":[0,0],"3":[0,0],"4":[0,0],"5":[0,0],"6":[0,0],"7":[0,0],"8":[0,0],"9":[0,0],"10":[0,0],"11":[0,0],"12":[0,0],"13":[0,0],"14":[0,0],"15":[0,0],"16":[0,0],"17":[0,0],"18":[0,0],"19":[0,0],"20":[0,0],"21":[0,0],"22":[0,0],"23":[0,0],"24":[0,0],"25":[0,0,0],"26":[0,0],"27":[0,0,0],"28":[0,0],"29":[0,0],"30":[0,0],"31":[0,0],"32":[0,0],"33":[0,0],"34":[0,0],"35":[0,0],"36":[0,0],"37":[0,0],"38":[0,0],"39":[0,0],"40":[0,0],"41":[0,0],"42":[0,0],"43":[0,0],"44":[0,0],"45":[0,0],"46":[0,0],"47":[0,0],"48":[0,0],"49":[0,0],"50":[0,0],"51":[0,0,0],"52":[0,0],"53":[0,0],"54":[0,0],"55":[0,0],"56":[0,0],"57":[0,0],"58":[0,0,0],"59":[0,0],"60":[0,0],"61":[0,0]},"f":{"1":0,"2":0,"3":0,"4":0,"5":0,"6":0,"7":0,"8":0,"9":0,"10":0,"11":0,"12":0,"13":0,"14":0,"15":0,"16":0,"17":0,"18":0,"19":0,"20":0,"21":0,"22":0,"23":0,"24":0,"25":0,"26":0,"27":0,"28":0,"29":0,"30":0,"31":0,"32":0,"33":0,"34":0,"35":0,"36":0,"37":0},"fnMap":{"1":{"name":"(anonymous_1)","line":22,"loc":{"start":{"line":22,"column":18},"end":{"line":22,"column":47}}},"2":{"name":"Test","line":43,"loc":{"start":{"line":43,"column":0},"end":{"line":43,"column":34}}},"3":{"name":"bind","line":63,"loc":{"start":{"line":63,"column":22},"end":{"line":63,"column":47}}},"4":{"name":"bound","line":65,"loc":{"start":{"line":65,"column":23},"end":{"line":65,"column":40}}},"5":{"name":"(anonymous_5)","line":74,"loc":{"start":{"line":74,"column":21},"end":{"line":74,"column":33}}},"6":{"name":"(anonymous_6)","line":89,"loc":{"start":{"line":89,"column":22},"end":{"line":89,"column":48}}},"7":{"name":"(anonymous_7)","line":95,"loc":{"start":{"line":95,"column":19},"end":{"line":95,"column":31}}},"8":{"name":"(anonymous_8)","line":100,"loc":{"start":{"line":100,"column":17},"end":{"line":100,"column":29}}},"9":{"name":"(anonymous_9)","line":105,"loc":{"start":{"line":105,"column":13},"end":{"line":105,"column":24}}},"10":{"name":"(anonymous_10)","line":112,"loc":{"start":{"line":112,"column":25},"end":{"line":112,"column":40}}},"11":{"name":"(anonymous_11)","line":114,"loc":{"start":{"line":114,"column":35},"end":{"line":114,"column":51}}},"12":{"name":"(anonymous_12)","line":119,"loc":{"start":{"line":119,"column":22},"end":{"line":119,"column":35}}},"13":{"name":"(anonymous_13)","line":124,"loc":{"start":{"line":124,"column":30},"end":{"line":124,"column":43}}},"14":{"name":"(anonymous_14)","line":127,"loc":{"start":{"line":127,"column":33},"end":{"line":127,"column":44}}},"15":{"name":"(anonymous_15)","line":131,"loc":{"start":{"line":131,"column":21},"end":{"line":131,"column":32}}},"16":{"name":"(anonymous_16)","line":136,"loc":{"start":{"line":136,"column":21},"end":{"line":136,"column":36}}},"17":{"name":"(anonymous_17)","line":149,"loc":{"start":{"line":149,"column":22},"end":{"line":149,"column":37}}},"18":{"name":"(anonymous_18)","line":153,"loc":{"start":{"line":153,"column":20},"end":{"line":153,"column":32}}},"19":{"name":"(anonymous_19)","line":170,"loc":{"start":{"line":170,"column":23},"end":{"line":170,"column":35}}},"20":{"name":"(anonymous_20)","line":187,"loc":{"start":{"line":187,"column":33},"end":{"line":187,"column":45}}},"21":{"name":"assert","line":196,"loc":{"start":{"line":196,"column":25},"end":{"line":196,"column":52}}},"22":{"name":"(anonymous_22)","line":266,"loc":{"start":{"line":266,"column":21},"end":{"line":266,"column":33}}},"23":{"name":"(anonymous_23)","line":281,"loc":{"start":{"line":281,"column":22},"end":{"line":281,"column":44}}},"24":{"name":"(anonymous_24)","line":289,"loc":{"start":{"line":289,"column":22},"end":{"line":289,"column":44}}},"25":{"name":"(anonymous_25)","line":297,"loc":{"start":{"line":297,"column":22},"end":{"line":297,"column":44}}},"26":{"name":"(anonymous_26)","line":309,"loc":{"start":{"line":309,"column":2},"end":{"line":309,"column":31}}},"27":{"name":"(anonymous_27)","line":322,"loc":{"start":{"line":322,"column":2},"end":{"line":322,"column":31}}},"28":{"name":"(anonymous_28)","line":336,"loc":{"start":{"line":336,"column":2},"end":{"line":336,"column":29}}},"29":{"name":"(anonymous_29)","line":351,"loc":{"start":{"line":351,"column":2},"end":{"line":351,"column":30}}},"30":{"name":"(anonymous_30)","line":370,"loc":{"start":{"line":370,"column":2},"end":{"line":370,"column":30}}},"31":{"name":"(anonymous_31)","line":384,"loc":{"start":{"line":384,"column":2},"end":{"line":384,"column":30}}},"32":{"name":"(anonymous_32)","line":397,"loc":{"start":{"line":397,"column":2},"end":{"line":397,"column":30}}},"33":{"name":"(anonymous_33)","line":415,"loc":{"start":{"line":415,"co
[...]
e":19,"column":55}},"16":{"start":{"line":20,"column":4},"end":{"line":20,"column":19}},"17":{"start":{"line":21,"column":4},"end":{"line":21,"column":18}},"18":{"start":{"line":22,"column":4},"end":{"line":22,"column":18}},"19":{"start":{"line":23,"column":4},"end":{"line":23,"column":29}},"20":{"start":{"line":24,"column":4},"end":{"line":24,"column":20}},"21":{"start":{"line":25,"column":4},"end":{"line":25,"column":22}},"22":{"start":{"line":28,"column":0},"end":{"line":78,"column":2}},"23":{"start":{"line":29,"column":4},"end":{"line":29,"column":25}},"24":{"start":{"line":29,"column":15},"end":{"line":29,"column":25}},"25":{"start":{"line":30,"column":4},"end":{"line":30,"column":20}},"26":{"start":{"line":31,"column":4},"end":{"line":31,"column":27}},"27":{"start":{"line":32,"column":4},"end":{"line":66,"column":5}},"28":{"start":{"line":33,"column":8},"end":{"line":33,"column":27}},"29":{"start":{"line":34,"column":8},"end":{"line":59,"column":11}},"30":{"start":{"line":35,"column":12},"end":{"line":35,"column":35}},"31":{"start":{"line":35,"column":24},"end":{"line":35,"column":35}},"32":{"start":{"line":36,"column":12},"end":{"line":36,"column":30}},"33":{"start":{"line":37,"column":12},"end":{"line":47,"column":15}},"34":{"start":{"line":38,"column":16},"end":{"line":42,"column":18}},"35":{"start":{"line":43,"column":16},"end":{"line":45,"column":17}},"36":{"start":{"line":44,"column":20},"end":{"line":44,"column":46}},"37":{"start":{"line":46,"column":16},"end":{"line":46,"column":34}},"38":{"start":{"line":48,"column":12},"end":{"line":50,"column":15}},"39":{"start":{"line":49,"column":16},"end":{"line":49,"column":43}},"40":{"start":{"line":51,"column":12},"end":{"line":55,"column":15}},"41":{"start":{"line":52,"column":16},"end":{"line":52,"column":30}},"42":{"start":{"line":53,"column":16},"end":{"line":53,"column":36}},"43":{"start":{"line":54,"column":16},"end":{"line":54,"column":34}},"44":{"start":{"line":56,"column":12},"end":{"line":58,"column":15}},"45":{"start":{"line":57,"column":16},"end":{"line":57,"column":56}},"46":{"start":{"line":60,"column":8},"end":{"line":60,"column":60}},"47":{"start":{"line":60,"column":38},"end":{"line":60,"column":57}},"48":{"start":{"line":63,"column":8},"end":{"line":63,"column":27}},"49":{"start":{"line":64,"column":8},"end":{"line":64,"column":41}},"50":{"start":{"line":65,"column":8},"end":{"line":65,"column":34}},"51":{"start":{"line":68,"column":4},"end":{"line":75,"column":7}},"52":{"start":{"line":69,"column":8},"end":{"line":69,"column":14}},"53":{"start":{"line":70,"column":8},"end":{"line":73,"column":9}},"54":{"start":{"line":71,"column":12},"end":{"line":71,"column":20}},"55":{"start":{"line":72,"column":12},"end":{"line":72,"column":78}},"56":{"start":{"line":72,"column":26},"end":{"line":72,"column":78}},"57":{"start":{"line":72,"column":59},"end":{"line":72,"column":74}},"58":{"start":{"line":74,"column":8},"end":{"line":74,"column":26}},"59":{"start":{"line":77,"column":4},"end":{"line":77,"column":18}},"60":{"start":{"line":80,"column":0},"end":{"line":85,"column":2}},"61":{"start":{"line":81,"column":4},"end":{"line":81,"column":20}},"62":{"start":{"line":82,"column":4},"end":{"line":82,"column":23}},"63":{"start":{"line":83,"column":4},"end":{"line":83,"column":19}},"64":{"start":{"line":84,"column":4},"end":{"line":84,"column":26}},"65":{"start":{"line":87,"column":0},"end":{"line":89,"column":2}},"66":{"start":{"line":88,"column":4},"end":{"line":88,"column":19}},"67":{"start":{"line":91,"column":0},"end":{"line":111,"column":2}},"68":{"start":{"line":92,"column":4},"end":{"line":92,"column":20}},"69":{"start":{"line":93,"column":4},"end":{"line":93,"column":55}},"70":{"start":{"line":93,"column":31},"end":{"line":93,"column":53}},"71":{"start":{"line":94,"column":4},"end":{"line":96,"column":7}},"72":{"start":{"line":95,"column":8},"end":{"line":95,"column":36}},"73":{"start":{"line":98,"column":4},"end":{"line":108,"column":7}},"74":{"start":{"line":99,"column":8},"end":{"line":102,"column":9}},"75":{"start":{"line":100,"column":12},"end":{"line":100,"column":37}},"76":{"start":{"line":101,"column":12},"end":{"line":101,"column":19}},"77":{"start":{"line":103,"column":8},"end":{"line":103,"column":49}},"78":{"start":{"line":104,"column":8},"end":{"line":104,"column":22}},"79":{"start":{"line":106,"column":8},"end":{"line":107,"column":25}},"80":{"start":{"line":106,"column":20},"end":{"line":106,"column":32}},"81":{"start":{"line":107,"column":13},"end":{"line":107,"column":25}},"82":{"start":{"line":110,"column":4},"end":{"line":110,"column":52}},"83":{"start":{"line":110,"column":33},"end":{"line":110,"column":49}},"84":{"start":{"line":113,"column":0},"end":{"line":126,"column":2}},"85":{"start":{"line":114,"column":4},"end":{"line":114,"column":20}},"86":{"start":{"line":115,"column":4},"end":{"line":115,"column":77}},"87":{"start":{"line":115,"column":21},"end":{"line":115,"column":77}},"88":{"start":{"line":116,"column":4},"end":{"line":116,"column":23}},"89":{"start":{"line":117,"column":4},"end":{"line":117,"column":55}},"90":{"start":{"line":117,"column":31},"end":{"line":117,"column":53}},"91":{"start":{"line":119,"column":4},"end":{"line":119,"column":39}},"92":{"start":{"line":120,"column":4},"end":{"line":120,"column":42}},"93":{"start":{"line":121,"column":4},"end":{"line":121,"column":41}},"94":{"start":{"line":122,"column":4},"end":{"line":123,"column":26}},"95":{"start":{"line":122,"column":19},"end":{"line":122,"column":55}},"96":{"start":{"line":123,"column":9},"end":{"line":123,"column":26}},"97":{"start":{"line":125,"column":4},"end":{"line":125,"column":29}},"98":{"start":{"line":128,"column":0},"end":{"line":170,"column":1}},"99":{"start":{"line":129,"column":4},"end":{"line":129,"column":20}},"100":{"start":{"line":130,"column":4},"end":{"line":130,"column":51}},"101":{"start":{"line":131,"column":4},"end":{"line":131,"column":77}},"102":{"start":{"line":133,"column":4},"end":{"line":134,"column":43}},"103":{"start":{"line":133,"column":18},"end":{"line":133,"column":38}},"104":{"start":{"line":134,"column":9},"end":{"line":134,"column":43}},"105":{"start":{"line":134,"column":23},"end":{"line":134,"column":43}},"106":{"start":{"line":136,"column":4},"end":{"line":136,"column":19}},"107":{"start":{"line":137,"column":4},"end":{"line":137,"column":30}},"108":{"start":{"line":137,"column":16},"end":{"line":137,"column":30}},"109":{"start":{"line":139,"column":4},"end":{"line":139,"column":21}},"110":{"start":{"line":140,"column":4},"end":{"line":140,"column":29}},"111":{"start":{"line":141,"column":4},"end":{"line":141,"column":30}},"112":{"start":{"line":142,"column":4},"end":{"line":142,"column":57}},"113":{"start":{"line":144,"column":4},"end":{"line":156,"column":5}},"114":{"start":{"line":145,"column":8},"end":{"line":145,"column":70}},"115":{"start":{"line":146,"column":8},"end":{"line":146,"column":68}},"116":{"start":{"line":148,"column":8},"end":{"line":155,"column":9}},"117":{"start":{"line":149,"column":12},"end":{"line":149,"column":74}},"118":{"start":{"line":150,"column":12},"end":{"line":150,"column":72}},"119":{"start":{"line":153,"column":12},"end":{"line":153,"column":55}},"120":{"start":{"line":154,"column":12},"end":{"line":154,"column":55}},"121":{"start":{"line":157,"column":4},"end":{"line":159,"column":5}},"122":{"start":{"line":158,"column":8},"end":{"line":158,"column":49}},"123":{"start":{"line":160,"column":4},"end":{"line":166,"column":5}},"124":{"start":{"line":161,"column":8},"end":{"line":161,"column":57}},"125":{"start":{"line":162,"column":8},"end":{"line":162,"column":40}},"126":{"start":{"line":163,"column":8},"end":{"line":165,"column":9}},"127":{"start":{"line":164,"column":12},"end":{"line":164,"column":53}},"128":{"start":{"line":168,"column":4},"end":{"line":168,"column":30}},"129":{"start":{"line":169,"column":4},"end":{"line":169,"column":18}},"130":{"start":{"line":172,"column":0},"end":{"line":184,"column":1}},"131":{"start":{"line":173,"column":4},"end":{"line":175,"column":5}},"132":{"start":{"line":174,"column":8},"end":{"line":174,"column":37}},"133":{"start":{"line":177,"column":4},"end":{"line":183,"column":40}},"134":{"start":{"line":178,"column":8},"end":{"line":178,"column":38}},"135":{"start":{"line":179,"column":8},"end":{"line":179,"column":25}},"136":{"start":{"line":179,"column":16},"end":{"line":179,"column":25}},"137":{"start":{"line":180,"column":8},"end":{"line":182,"column":9}},"138":{"start":{"line":181,"column":12},"end":{"line":181,"column":21}},"139":{"start":{"line":186,"column":0},"end":{"line":188,"column":1}},"140":{"start":{"line":187,"column":4},"end":{"line":187,"column":43}}},"branchMap":{"1":{"line":10,"type":"cond-expr","locations":[{"start":{"line":11,"column":6},"end":{"line":11,"column":18}},{"start":{"line":12,"column":6},"end":{"line":12,"column":22}}]},"2":{"line":19,"type":"if","locations":[{"start":{"line":19,"column":4},"end":{"line":19,"column":4}},{"start":{"line":19,"column":4},"end":{"line":19,"column":4}}]},"3":{"line":29,"type":"if","locations":[{"start":{"line":29,"column":4},"end":{"line":29,"column":4}},{"start":{"line":29,"column":4},"end":{"line":29,"column":4}}]},"4":{"line":32,"type":"if","locations":[{"start":{"line":32,"column":4},"end":{"line":32,"column":4}},{"start":{"line":32,"column":4},"end":{"line":32,"column":4}}]},"5":{"line":35,"type":"if","locations":[{"start":{"line":35,"column":12},"end":{"line":35,"column":12}},{"start":{"line":35,"column":12},"end":{"line":35,"column":12}}]},"6":{"line":43,"type":"if","locations":[{"start":{"line":43,"column":16},"end":{"line":43,"column":16}},{"start":{"line":43,"column":16},"end":{"line":43,"column":16}}]},"7":{"line":72,"type":"if","locations":[{"start":{"line":72,"column":12},"end":{"line":72,"column":12}},{"start":{"line":72,"column":12},"end":{"line":72,"column":12}}]},"8":{"line":99,"type":"if","locations":[{"start":{"line":99,"column":8},"end":{"line":99,"column":8}},{"start":{"line":99,"column":8},"end":{"line":99,"column":8}}]},"9":{"line":106,"type":"if","locations":[{"start":{"line":106,"column":8},"end":{"line":106,"column":8}},{"start":{"line":106,"column":8},"end":{"line":106,"column":8}}]},"10":{"line":115,"type":"if","locations":[{"start":{"line":115,"column":4},"end":{"line":115,"column":4}},{"start":{"line":115,"column":4},"end":{"line":115,"column":4}}]},"11":{"line":122,"type":"if","locations":[{"start":{"line":122,"column":4},"end":{"line":122,"column":4}},{"start":{"line":122,"column":4},"end":{"line":122,"column":4}}]},"12":{"line":130,"type":"cond-expr","locations":[{"start":{"line":130,"column":24},"end":{"line":130,"column":29}},{"start":{"line":130,"column":32},"end":{"line":130,"column":41}}]},"13":{"line":131,"type":"cond-expr","locations":[{"start":{"line":131,"column":25},"end":{"line":131,"column":71}},{"start":{"line":131,"column":74},"end":{"line":131,"column":76}}]},"14":{"line":133,"type":"if","locations":[{"start":{"line":133,"column":4},"end":{"line":133,"column":4}},{"start":{"line":133,"column":4},"end":{"line":133,"column":4}}]},"15":{"line":134,"type":"if","locations":[{"start":{"line":134,"column":9},"end":{"line":134,"column":9}},{"start":{"line":134,"column":9},"end":{"line":134,"column":9}}]},"16":{"line":137,"type":"if","locations":[{"start":{"line":137,"column":4},"end":{"line":137,"column":4}},{"start":{"line":137,"column":4},"end":{"line":137,"column":4}}]},"17":{"line":144,"type":"if","locations":[{"start":{"line":144,"column":4},"end":{"line":144,"column":4}},{"start":{"line":144,"column":4},"end":{"line":144,"column":4}}]},"18":{"line":144,"type":"binary-expr","locations":[{"start":{"line":144,"column":8},"end":{"line":144,"column":28}},{"start":{"line":144,"column":32},"end":{"line":144,"column":50}}]},"19":{"line":148,"type":"if","locations":[{"start":{"line":148,"column":8},"end":{"line":148,"column":8}},{"start":{"line":148,"column":8},"end":{"line":148,"column":8}}]},"20":{"line":148,"type":"binary-expr","locations":[{"start":{"line":148,"column":12},"end":{"line":148,"column":47}},{"start":{"line":148,"column":51},"end":{"line":148,"column":66}},{"start":{"line":148,"column":70},"end":{"line":148,"column":85}}]},"21":{"line":157,"type":"if","locations":[{"start":{"line":157,"column":4},"end":{"line":157,"column":4}},{"start":{"line":157,"column":4},"end":{"line":157,"column":4}}]},"22":{"line":160,"type":"if","locations":[{"start":{"line":160,"column":4},"end":{"line":160,"column":4}},{"start":{"line":160,"column":4},"end":{"line":160,"column":4}}]},"23":{"line":160,"type":"binary-expr","locations":[{"start":{"line":160,"column":8},"end":{"line":160,"column":32}},{"start":{"line":160,"column":36},"end":{"line":160,"column":46}},{"start":{"line":160,"column":50},"end":{"line":160,"column":66}}]},"24":{"line":173,"type":"if","locations":[{"start":{"line":173,"column":4},"end":{"line":173,"column":4}},{"start":{"line":173,"column":4},"end":{"line":173,"column":4}}]},"25":{"line":179,"type":"if","locations":[{"start":{"line":179,"column":8},"end":{"line":179,"column":8}},{"start":{"line":179,"column":8},"end":{"line":179,"column":8}}]},"26":{"line":180,"type":"if","locations":[{"start":{"line":180,"column":8},"end":{"line":180,"column":8}},{"start":{"line":180,"column":8},"end":{"line":180,"column":8}}]}},"code":["var EventEmitter = require('events').EventEmitter;","var inherits = require('inherits');","var through = require('through');","var resumer = require('resumer');","var inspect = require('object-inspect');","var bind = require('function-bind');","var has = require('has');","var regexpTest = bind.call(Function.call, RegExp.prototype.test);","var yamlIndicators = /\\:|\\-|\\?/;","var nextTick = typeof setImmediate !== 'undefined'","    ? setImmediate","    : process.nextTick",";","","module.exports = Results;","inherits(Results, EventEmitter);","","function Results () {","    if (!(this instanceof Results)) return new Results;","    this.count = 0;","    this.fail = 0;","    this.pass = 0;","    this._stream = through();","    this.tests = [];","    this._only = null;","}","","Results.prototype.createStream = function (opts) {","    if (!opts) opts = {};","    var self = this;","    var output, testId = 0;","    if (opts.objectMode) {","        output = through();","        self.on('_push', function ontest (t, extra) {","            if (!extra) extra = {};","            var id = testId++;","            t.once('prerun', function () {","                var row = {","                    type: 'test',","                    name: t.name,","                    id: id","                };","                if (has(extra, 'parent')) {","                    row.parent = extra.parent;","                }","                output.queue(row);","            });","            t.on('test', function (st) {","                ontest(st, { parent: id });","            });","            t.on('result', function (res) {","                res.test = id;","                res.type = 'assert';","                output.queue(res);","            });","            t.on('end', function () {","                output.queue({ type: 'end', test: id });","            });","        });","        self.on('done', function () { output.queue(null) });","    }","    else {","        output = resumer();","        output.queue('TAP version 13\\n');","        self._stream.pipe(output);","    }","    ","    nextTick(function next() {","        var t;","        while (t = getNextTest(self)) {","            t.run();","            if (!t.ended) return t.once('end', function(){ nextTick(next); });","        }","        self.emit('done');","    });","    ","    return output;","};","","Results.prototype.push = function (t) {","    var self = this;","    self.tests.push(t);","    self._watch(t);","    self.emit('_push', t);","};","","Results.prototype.only = function (t) {","    this._only = t;","};","","Results.prototype._watch = function (t) {","    var self = this;","    var write = function (s) { self._stream.queue(s) };","    t.once('prerun', function () {","        write('# ' + t.name + '\\n');","    });","    ","    t.on('result', function (res) {","        if (typeof res === 'string') {","            write('# ' + res + '\\n');","            return;","        }","        write(encodeResult(res, self.count + 1));","        self.count ++;","","        if (res.ok) self.pass ++","        else self.fail ++","    });","    ","    t.on('test', function (st) { self._watch(st) });","};","","Results.prototype.close = function () {","    var self = this;","    if (self.closed) self._stream.emit('error', new Error('ALREADY CLOSED'));","    self.closed = true;","    var write = function (s) { self._stream.queue(s) };","    ","    write('\\n1..' + self.count + '\\n');","    write('# tests ' + self.count + '\\n');","    write('# pass  ' + self.pass + '\\n');","    if (self.fail) write('# fail  ' + self.fail + '\\n')","    else write('\\n# ok\\n')","","    self._stream.queue(null);","};","","function encodeResult (res, count) {","    var output = '';","    output += (res.ok ? 'ok ' : 'not ok ') + count;","    output += res.name ? ' ' + res.name.toString().replace(/\\s+/g, ' ') : '';","    ","    if (res.skip) output += ' # SKIP';","    else if (res.todo) output += ' # TODO';","    ","    output += '\\n';","    if (res.ok) return output;","    ","    var outer = '  ';","    var inner = outer + '  ';","    output += outer + '---\\n';","    output += inner + 'operator: ' + res.operator + '\\n';","    ","    if (has(res, 'expected') || has(res, 'actual')) {","        var ex = inspect(res.expected, {depth: res.objectPrintDepth});","        var ac = inspect(res.actual, {depth: res.objectPrintDepth});","        ","        if (Math.max(ex.length, ac.length) > 65 || invalidYaml(ex) || invalidYaml(ac)) {","            output += inner + 'expected: |-\\n' + inner + '  ' + ex + '\\n';","            output += inner + 'actual: |-\\n' + inner + '  ' + ac + '\\n';","        }","        else {","            output += inner + 'expected: ' + ex + '\\n';","            output += inner + 'actual:   ' + ac + '\\n';","        }","    }","    if (res.at) {","        output += inner + 'at: ' + res.at + '\\n';","    }","    if (res.operator === 'error' && res.actual && res.actual.stack) {","        var lines = String(res.actual.stack).split('\\n');","        output += inner + 'stack: |-\\n';","        for (var i = 0; i < lines.length; i++) {","            output += inner + '  ' + lines[i] + '\\n';","        }","    }","    ","    output += outer + '...\\n';","    return output;","}","","function getNextTest (results) {","    if (!results._only) {","        return results.tests.shift();","    }","    ","    do {","        var t = results.tests.shift();","        if (!t) continue;","        if (results._only === t) {","            return t;","        }","    } while (results.tests.length !== 0)","}","","function invalidYaml (str) {","    return regexpTest(yamlIndicators, str);","}",""],"l":{"1":1,"2":1,"3":1,"4":1,"5":1,"6":1,"7":1,"8":1,"9":1,"10":1,"15":1,"16":1,"18":1,"19":0,"20":0,"21":0,"22":0,"23":0,"24":0,"25":0,"28":1,"29":0,"30":0,"31":0,"32":0,"33":0,"34":0,"35":0,"36":0,"37":0,"38":0,"43":0,"44":0,"46":0,"48":0,"49":0,"51":0,"52":0,"53":0,"54":0,"56":0,"57":0,"60":0,"63":0,"64":0,"65":0,"68":0,"69":0,"70":0,"71":0,"72":0,"74":0,"77":0,"80":1,"81":0,"82":0,"83":0,"84":0,"87":1,"88":0,"91":1,"92":0,"93":0,"94":0,"95":0,"98":0,"99":0,"100":0,"101":0,"103":0,"104":0,"106":0,"107":0,"110":0,"113":1,"114":0,"115":0,"116":0,"117":0,"119":0,"120":0,"121":0,"122":0,"123":0,"125":0,"128":1,"129":0,"130":0,"131":0,"133":0,"134":0,"136":0,"137":0,"139":0,"140":0,"141":0,"142":0,"144":0,"145":0,"146":0,"148":0,"149":0,"150":0,"153":0,"154":0,"157":0,"158":0,"160":0,"161":0,"162":0,"163":0,"164":0,"168":0,"169":0,"172":1,"173":0,"174":0,"177":0,"178":0,"179":0,"180":0,"181":0,"186":1,"187":0}}}